
**** Build of configuration Debug for project safeti_test ****

"C:\\ti\\ccsv6\\utils\\bin\\gmake" -k all 
gmake: Nothing to be done for `all'.

**** Build Finished ****

**** Build of configuration Debug for project safeti_test ****

"C:\\ti\\ccsv6\\utils\\bin\\gmake" -k all 
'Building file: ../HALCoGen/source/sys_startup.c'
'Invoking: ARM Compiler'
"C:/ti/ccsv6/tools/compiler/ti-cgt-arm_5.2.5/bin/armcl" -mv7R4 --code_state=32 --float_support=VFPv3D16 --abi=eabi --include_path="C:/ti/ccsv6/tools/compiler/ti-cgt-arm_5.2.5/include" --include_path="I:/freelancer/itsi/safeti_tms570ls12x/safeti_test/safety_library/hal/include" --include_path="I:/freelancer/itsi/safeti_tms570ls12x/safeti_test/safety_library/source" --include_path="I:/freelancer/itsi/safeti_tms570ls12x/safeti_test/safety_library/include" --include_path="I:/freelancer/itsi/safeti_tms570ls12x/safeti_test/HALCoGen/include" -g --define=_VFP_SUPPORT_=1 --define=_TMS570LS12x_ --define=EXTERNAL_SP_INIT --diag_wrap=off --diag_warning=225 --display_error_number --enum_type=packed --preproc_with_compile --preproc_dependency="HALCoGen/source/sys_startup.pp" --obj_directory="HALCoGen/source"  "../HALCoGen/source/sys_startup.c"
'Finished building: ../HALCoGen/source/sys_startup.c'
' '
'Building target: safeti_test.out'
'Invoking: ARM Linker'
"C:/ti/ccsv6/tools/compiler/ti-cgt-arm_5.2.5/bin/armcl" -mv7R4 --code_state=32 --float_support=VFPv3D16 --abi=eabi -g --define=_VFP_SUPPORT_=1 --define=_TMS570LS12x_ --define=EXTERNAL_SP_INIT --diag_wrap=off --diag_warning=225 --display_error_number --enum_type=packed -z -m"safeti_test.map" --heap_size=0x800 --stack_size=0x800 -i"C:/ti/ccsv6/tools/compiler/ti-cgt-arm_5.2.5/lib" -i"C:/ti/ccsv6/tools/compiler/ti-cgt-arm_5.2.5/include" --reread_libs --display_error_number --diag_wrap=off --warn_sections --xml_link_info="safeti_test_linkInfo.xml" --rom_model --be32 -o "safeti_test.out" "./safety_library/source/sl_asm_api.obj" "./safety_library/source/sl_esm.obj" "./safety_library/source/sl_init.obj" "./safety_library/source/sl_log.obj" "./safety_library/source/sl_misc.obj" "./safety_library/source/sl_pmu.obj" "./safety_library/source/sl_priv.obj" "./safety_library/source/sl_selftest.obj" "./HALCoGen/source/adc.obj" "./HALCoGen/source/can.obj" "./HALCoGen/source/crc.obj" "./HALCoGen/source/dabort.obj" "./HALCoGen/source/dcc.obj" "./HALCoGen/source/ecap.obj" "./HALCoGen/source/eqep.obj" "./HALCoGen/source/esm.obj" "./HALCoGen/source/etpwm.obj" "./HALCoGen/source/gio.obj" "./HALCoGen/source/het.obj" "./HALCoGen/source/i2c.obj" "./HALCoGen/source/lin.obj" "./HALCoGen/source/mibspi.obj" "./HALCoGen/source/notification.obj" "./HALCoGen/source/pinmux.obj" "./HALCoGen/source/rti.obj" "./HALCoGen/source/sci.obj" "./HALCoGen/source/spi.obj" "./HALCoGen/source/sys_core.obj" "./HALCoGen/source/sys_dma.obj" "./HALCoGen/source/sys_intvecs.obj" "./HALCoGen/source/sys_main.obj" "./HALCoGen/source/sys_mpu.obj" "./HALCoGen/source/sys_pcr.obj" "./HALCoGen/source/sys_phantom.obj" "./HALCoGen/source/sys_pmm.obj" "./HALCoGen/source/sys_pmu.obj" "./HALCoGen/source/sys_selftest.obj" "./HALCoGen/source/sys_startup.obj" "./HALCoGen/source/sys_vim.obj" "./HALCoGen/source/system.obj" "../HALCoGen/source/sys_link.cmd"  -l"rtsv7R4_T_be_v3D16_eabi.lib" 
<Linking>
'Finished building target: safeti_test.out'
' '

**** Build Finished ****

**** Build of configuration Debug for project safeti_test ****

"C:\\ti\\ccsv6\\utils\\bin\\gmake" -k all 
'Building file: ../HALCoGen/source/sys_startup.c'
'Invoking: ARM Compiler'
"C:/ti/ccsv6/tools/compiler/ti-cgt-arm_5.2.5/bin/armcl" -mv7R4 --code_state=32 --float_support=VFPv3D16 --abi=eabi --include_path="C:/ti/ccsv6/tools/compiler/ti-cgt-arm_5.2.5/include" --include_path="I:/freelancer/itsi/safeti_tms570ls12x/safeti_test/safety_library/hal/include" --include_path="I:/freelancer/itsi/safeti_tms570ls12x/safeti_test/safety_library/source" --include_path="I:/freelancer/itsi/safeti_tms570ls12x/safeti_test/safety_library/include" --include_path="I:/freelancer/itsi/safeti_tms570ls12x/safeti_test/HALCoGen/include" -g --define=_VFP_SUPPORT_=1 --define=_TMS570LS12x_ --define=EXTERNAL_SP_INIT --diag_wrap=off --diag_warning=225 --display_error_number --enum_type=packed --preproc_with_compile --preproc_dependency="HALCoGen/source/sys_startup.pp" --obj_directory="HALCoGen/source"  "../HALCoGen/source/sys_startup.c"
'Finished building: ../HALCoGen/source/sys_startup.c'
' '
'Building target: safeti_test.out'
'Invoking: ARM Linker'
"C:/ti/ccsv6/tools/compiler/ti-cgt-arm_5.2.5/bin/armcl" -mv7R4 --code_state=32 --float_support=VFPv3D16 --abi=eabi -g --define=_VFP_SUPPORT_=1 --define=_TMS570LS12x_ --define=EXTERNAL_SP_INIT --diag_wrap=off --diag_warning=225 --display_error_number --enum_type=packed -z -m"safeti_test.map" --heap_size=0x800 --stack_size=0x800 -i"C:/ti/ccsv6/tools/compiler/ti-cgt-arm_5.2.5/lib" -i"C:/ti/ccsv6/tools/compiler/ti-cgt-arm_5.2.5/include" --reread_libs --display_error_number --diag_wrap=off --warn_sections --xml_link_info="safeti_test_linkInfo.xml" --rom_model --be32 -o "safeti_test.out" "./safety_library/source/sl_asm_api.obj" "./safety_library/source/sl_esm.obj" "./safety_library/source/sl_init.obj" "./safety_library/source/sl_log.obj" "./safety_library/source/sl_misc.obj" "./safety_library/source/sl_pmu.obj" "./safety_library/source/sl_priv.obj" "./safety_library/source/sl_selftest.obj" "./HALCoGen/source/adc.obj" "./HALCoGen/source/can.obj" "./HALCoGen/source/crc.obj" "./HALCoGen/source/dabort.obj" "./HALCoGen/source/dcc.obj" "./HALCoGen/source/ecap.obj" "./HALCoGen/source/eqep.obj" "./HALCoGen/source/esm.obj" "./HALCoGen/source/etpwm.obj" "./HALCoGen/source/gio.obj" "./HALCoGen/source/het.obj" "./HALCoGen/source/i2c.obj" "./HALCoGen/source/lin.obj" "./HALCoGen/source/mibspi.obj" "./HALCoGen/source/notification.obj" "./HALCoGen/source/pinmux.obj" "./HALCoGen/source/rti.obj" "./HALCoGen/source/sci.obj" "./HALCoGen/source/spi.obj" "./HALCoGen/source/sys_core.obj" "./HALCoGen/source/sys_dma.obj" "./HALCoGen/source/sys_intvecs.obj" "./HALCoGen/source/sys_main.obj" "./HALCoGen/source/sys_mpu.obj" "./HALCoGen/source/sys_pcr.obj" "./HALCoGen/source/sys_phantom.obj" "./HALCoGen/source/sys_pmm.obj" "./HALCoGen/source/sys_pmu.obj" "./HALCoGen/source/sys_selftest.obj" "./HALCoGen/source/sys_startup.obj" "./HALCoGen/source/sys_vim.obj" "./HALCoGen/source/system.obj" "../HALCoGen/source/sys_link.cmd"  -l"rtsv7R4_T_be_v3D16_eabi.lib" 
<Linking>
'Finished building target: safeti_test.out'
' '

**** Build Finished ****

**** Build of configuration Debug for project safeti_test ****

"C:\\ti\\ccsv6\\utils\\bin\\gmake" -k all 
gmake: Nothing to be done for `all'.

**** Build Finished ****

**** Build of configuration Debug for project safeti_test ****

"C:\\ti\\ccsv6\\utils\\bin\\gmake" -k all 
gmake: Nothing to be done for `all'.

**** Build Finished ****

**** Build of configuration Debug for project safeti_test ****

"C:\\ti\\ccsv6\\utils\\bin\\gmake" -k all 
'Building file: ../HALCoGen/source/sys_main.c'
'Invoking: ARM Compiler'
"C:/ti/ccsv6/tools/compiler/ti-cgt-arm_5.2.5/bin/armcl" -mv7R4 --code_state=32 --float_support=VFPv3D16 --abi=eabi --include_path="C:/ti/ccsv6/tools/compiler/ti-cgt-arm_5.2.5/include" --include_path="I:/freelancer/itsi/safeti_tms570ls12x/safeti_test/safety_library/hal/include" --include_path="I:/freelancer/itsi/safeti_tms570ls12x/safeti_test/safety_library/source" --include_path="I:/freelancer/itsi/safeti_tms570ls12x/safeti_test/safety_library/include" --include_path="I:/freelancer/itsi/safeti_tms570ls12x/safeti_test/HALCoGen/include" -g --define=_VFP_SUPPORT_=1 --define=_TMS570LS12x_ --define=EXTERNAL_SP_INIT --diag_wrap=off --diag_warning=225 --display_error_number --enum_type=packed --preproc_with_compile --preproc_dependency="HALCoGen/source/sys_main.pp" --obj_directory="HALCoGen/source"  "../HALCoGen/source/sys_main.c"
"../HALCoGen/source/sys_main.c", line 78: warning #551-D: variable "retVal" is used before its value is set
'Finished building: ../HALCoGen/source/sys_main.c'
' '
'Building target: safeti_test.out'
'Invoking: ARM Linker'
"C:/ti/ccsv6/tools/compiler/ti-cgt-arm_5.2.5/bin/armcl" -mv7R4 --code_state=32 --float_support=VFPv3D16 --abi=eabi -g --define=_VFP_SUPPORT_=1 --define=_TMS570LS12x_ --define=EXTERNAL_SP_INIT --diag_wrap=off --diag_warning=225 --display_error_number --enum_type=packed -z -m"safeti_test.map" --heap_size=0x800 --stack_size=0x800 -i"C:/ti/ccsv6/tools/compiler/ti-cgt-arm_5.2.5/lib" -i"C:/ti/ccsv6/tools/compiler/ti-cgt-arm_5.2.5/include" --reread_libs --display_error_number --diag_wrap=off --warn_sections --xml_link_info="safeti_test_linkInfo.xml" --rom_model --be32 -o "safeti_test.out" "./safety_library/source/sl_asm_api.obj" "./safety_library/source/sl_esm.obj" "./safety_library/source/sl_init.obj" "./safety_library/source/sl_log.obj" "./safety_library/source/sl_misc.obj" "./safety_library/source/sl_pmu.obj" "./safety_library/source/sl_priv.obj" "./safety_library/source/sl_selftest.obj" "./HALCoGen/source/adc.obj" "./HALCoGen/source/can.obj" "./HALCoGen/source/crc.obj" "./HALCoGen/source/dabort.obj" "./HALCoGen/source/dcc.obj" "./HALCoGen/source/ecap.obj" "./HALCoGen/source/eqep.obj" "./HALCoGen/source/esm.obj" "./HALCoGen/source/etpwm.obj" "./HALCoGen/source/gio.obj" "./HALCoGen/source/het.obj" "./HALCoGen/source/i2c.obj" "./HALCoGen/source/lin.obj" "./HALCoGen/source/mibspi.obj" "./HALCoGen/source/notification.obj" "./HALCoGen/source/pinmux.obj" "./HALCoGen/source/rti.obj" "./HALCoGen/source/sci.obj" "./HALCoGen/source/spi.obj" "./HALCoGen/source/sys_core.obj" "./HALCoGen/source/sys_dma.obj" "./HALCoGen/source/sys_intvecs.obj" "./HALCoGen/source/sys_main.obj" "./HALCoGen/source/sys_mpu.obj" "./HALCoGen/source/sys_pcr.obj" "./HALCoGen/source/sys_phantom.obj" "./HALCoGen/source/sys_pmm.obj" "./HALCoGen/source/sys_pmu.obj" "./HALCoGen/source/sys_selftest.obj" "./HALCoGen/source/sys_startup.obj" "./HALCoGen/source/sys_vim.obj" "./HALCoGen/source/system.obj" "../HALCoGen/source/sys_link.cmd"  -l"rtsv7R4_T_be_v3D16_eabi.lib" 
<Linking>
'Finished building target: safeti_test.out'
' '

**** Build Finished ****

**** Build of configuration Debug for project safeti_test ****

"C:\\ti\\ccsv6\\utils\\bin\\gmake" -k all 
gmake: Nothing to be done for `all'.

**** Build Finished ****

**** Build of configuration Debug for project safeti_test ****

"C:\\ti\\ccsv6\\utils\\bin\\gmake" -k all 
'Building file: ../HALCoGen/source/sys_main.c'
'Invoking: ARM Compiler'
"C:/ti/ccsv6/tools/compiler/ti-cgt-arm_5.2.5/bin/armcl" -mv7R4 --code_state=32 --float_support=VFPv3D16 --abi=eabi --include_path="C:/ti/ccsv6/tools/compiler/ti-cgt-arm_5.2.5/include" --include_path="I:/freelancer/itsi/safeti_tms570ls12x/safeti_test/safety_library/hal/include" --include_path="I:/freelancer/itsi/safeti_tms570ls12x/safeti_test/safety_library/source" --include_path="I:/freelancer/itsi/safeti_tms570ls12x/safeti_test/safety_library/include" --include_path="I:/freelancer/itsi/safeti_tms570ls12x/safeti_test/HALCoGen/include" -g --define=_VFP_SUPPORT_=1 --define=_TMS570LS12x_ --define=EXTERNAL_SP_INIT --diag_wrap=off --diag_warning=225 --display_error_number --enum_type=packed --preproc_with_compile --preproc_dependency="HALCoGen/source/sys_main.pp" --obj_directory="HALCoGen/source"  "../HALCoGen/source/sys_main.c"
'Finished building: ../HALCoGen/source/sys_main.c'
' '
'Building target: safeti_test.out'
'Invoking: ARM Linker'
"C:/ti/ccsv6/tools/compiler/ti-cgt-arm_5.2.5/bin/armcl" -mv7R4 --code_state=32 --float_support=VFPv3D16 --abi=eabi -g --define=_VFP_SUPPORT_=1 --define=_TMS570LS12x_ --define=EXTERNAL_SP_INIT --diag_wrap=off --diag_warning=225 --display_error_number --enum_type=packed -z -m"safeti_test.map" --heap_size=0x800 --stack_size=0x800 -i"C:/ti/ccsv6/tools/compiler/ti-cgt-arm_5.2.5/lib" -i"C:/ti/ccsv6/tools/compiler/ti-cgt-arm_5.2.5/include" --reread_libs --display_error_number --diag_wrap=off --warn_sections --xml_link_info="safeti_test_linkInfo.xml" --rom_model --be32 -o "safeti_test.out" "./safety_library/source/sl_asm_api.obj" "./safety_library/source/sl_esm.obj" "./safety_library/source/sl_init.obj" "./safety_library/source/sl_log.obj" "./safety_library/source/sl_misc.obj" "./safety_library/source/sl_pmu.obj" "./safety_library/source/sl_priv.obj" "./safety_library/source/sl_selftest.obj" "./HALCoGen/source/adc.obj" "./HALCoGen/source/can.obj" "./HALCoGen/source/crc.obj" "./HALCoGen/source/dabort.obj" "./HALCoGen/source/dcc.obj" "./HALCoGen/source/ecap.obj" "./HALCoGen/source/eqep.obj" "./HALCoGen/source/esm.obj" "./HALCoGen/source/etpwm.obj" "./HALCoGen/source/gio.obj" "./HALCoGen/source/het.obj" "./HALCoGen/source/i2c.obj" "./HALCoGen/source/lin.obj" "./HALCoGen/source/mibspi.obj" "./HALCoGen/source/notification.obj" "./HALCoGen/source/pinmux.obj" "./HALCoGen/source/rti.obj" "./HALCoGen/source/sci.obj" "./HALCoGen/source/spi.obj" "./HALCoGen/source/sys_core.obj" "./HALCoGen/source/sys_dma.obj" "./HALCoGen/source/sys_intvecs.obj" "./HALCoGen/source/sys_main.obj" "./HALCoGen/source/sys_mpu.obj" "./HALCoGen/source/sys_pcr.obj" "./HALCoGen/source/sys_phantom.obj" "./HALCoGen/source/sys_pmm.obj" "./HALCoGen/source/sys_pmu.obj" "./HALCoGen/source/sys_selftest.obj" "./HALCoGen/source/sys_startup.obj" "./HALCoGen/source/sys_vim.obj" "./HALCoGen/source/system.obj" "../HALCoGen/source/sys_link.cmd"  -l"rtsv7R4_T_be_v3D16_eabi.lib" 
<Linking>
'Finished building target: safeti_test.out'
' '

**** Build Finished ****

**** Build of configuration Debug for project safeti_test ****

"C:\\ti\\ccsv6\\utils\\bin\\gmake" -k all 
'Building file: ../HALCoGen/source/sys_startup.c'
'Invoking: ARM Compiler'
"C:/ti/ccsv6/tools/compiler/ti-cgt-arm_5.2.5/bin/armcl" -mv7R4 --code_state=32 --float_support=VFPv3D16 --abi=eabi --include_path="C:/ti/ccsv6/tools/compiler/ti-cgt-arm_5.2.5/include" --include_path="I:/freelancer/itsi/safeti_tms570ls12x/safeti_test/safety_library/hal/include" --include_path="I:/freelancer/itsi/safeti_tms570ls12x/safeti_test/safety_library/source" --include_path="I:/freelancer/itsi/safeti_tms570ls12x/safeti_test/safety_library/include" --include_path="I:/freelancer/itsi/safeti_tms570ls12x/safeti_test/HALCoGen/include" -g --define=_VFP_SUPPORT_=1 --define=_TMS570LS12x_ --define=EXTERNAL_SP_INIT --diag_wrap=off --diag_warning=225 --display_error_number --enum_type=packed --preproc_with_compile --preproc_dependency="HALCoGen/source/sys_startup.pp" --obj_directory="HALCoGen/source"  "../HALCoGen/source/sys_startup.c"
'Finished building: ../HALCoGen/source/sys_startup.c'
' '
'Building target: safeti_test.out'
'Invoking: ARM Linker'
"C:/ti/ccsv6/tools/compiler/ti-cgt-arm_5.2.5/bin/armcl" -mv7R4 --code_state=32 --float_support=VFPv3D16 --abi=eabi -g --define=_VFP_SUPPORT_=1 --define=_TMS570LS12x_ --define=EXTERNAL_SP_INIT --diag_wrap=off --diag_warning=225 --display_error_number --enum_type=packed -z -m"safeti_test.map" --heap_size=0x800 --stack_size=0x800 -i"C:/ti/ccsv6/tools/compiler/ti-cgt-arm_5.2.5/lib" -i"C:/ti/ccsv6/tools/compiler/ti-cgt-arm_5.2.5/include" --reread_libs --display_error_number --diag_wrap=off --warn_sections --xml_link_info="safeti_test_linkInfo.xml" --rom_model --be32 -o "safeti_test.out" "./safety_library/source/sl_asm_api.obj" "./safety_library/source/sl_esm.obj" "./safety_library/source/sl_init.obj" "./safety_library/source/sl_log.obj" "./safety_library/source/sl_misc.obj" "./safety_library/source/sl_pmu.obj" "./safety_library/source/sl_priv.obj" "./safety_library/source/sl_selftest.obj" "./HALCoGen/source/adc.obj" "./HALCoGen/source/can.obj" "./HALCoGen/source/crc.obj" "./HALCoGen/source/dabort.obj" "./HALCoGen/source/dcc.obj" "./HALCoGen/source/ecap.obj" "./HALCoGen/source/eqep.obj" "./HALCoGen/source/esm.obj" "./HALCoGen/source/etpwm.obj" "./HALCoGen/source/gio.obj" "./HALCoGen/source/het.obj" "./HALCoGen/source/i2c.obj" "./HALCoGen/source/lin.obj" "./HALCoGen/source/mibspi.obj" "./HALCoGen/source/notification.obj" "./HALCoGen/source/pinmux.obj" "./HALCoGen/source/rti.obj" "./HALCoGen/source/sci.obj" "./HALCoGen/source/spi.obj" "./HALCoGen/source/sys_core.obj" "./HALCoGen/source/sys_dma.obj" "./HALCoGen/source/sys_intvecs.obj" "./HALCoGen/source/sys_main.obj" "./HALCoGen/source/sys_mpu.obj" "./HALCoGen/source/sys_pcr.obj" "./HALCoGen/source/sys_phantom.obj" "./HALCoGen/source/sys_pmm.obj" "./HALCoGen/source/sys_pmu.obj" "./HALCoGen/source/sys_selftest.obj" "./HALCoGen/source/sys_startup.obj" "./HALCoGen/source/sys_vim.obj" "./HALCoGen/source/system.obj" "../HALCoGen/source/sys_link.cmd"  -l"rtsv7R4_T_be_v3D16_eabi.lib" 
<Linking>
'Finished building target: safeti_test.out'
' '

**** Build Finished ****

**** Build of configuration Debug for project safeti_test ****

"C:\\ti\\ccsv6\\utils\\bin\\gmake" -k all 
gmake: Nothing to be done for `all'.

**** Build Finished ****

**** Build of configuration Debug for project safeti_test ****

"C:\\ti\\ccsv6\\utils\\bin\\gmake" -k all 
gmake: Nothing to be done for `all'.

**** Build Finished ****

**** Build of configuration Debug for project safeti_test ****

"C:\\ti\\ccsv6\\utils\\bin\\gmake" -k all 
gmake: Nothing to be done for `all'.

**** Build Finished ****

**** Build of configuration Debug for project safeti_test ****

"C:\\ti\\ccsv6\\utils\\bin\\gmake" -k all 
gmake: Nothing to be done for `all'.

**** Build Finished ****

**** Build of configuration Debug for project safeti_test ****

"C:\\ti\\ccsv6\\utils\\bin\\gmake" -k all 
'Building file: ../HALCoGen/source/sys_startup.c'
'Invoking: ARM Compiler'
"C:/ti/ccsv6/tools/compiler/ti-cgt-arm_5.2.5/bin/armcl" -mv7R4 --code_state=32 --float_support=VFPv3D16 --abi=eabi --include_path="C:/ti/ccsv6/tools/compiler/ti-cgt-arm_5.2.5/include" --include_path="I:/freelancer/itsi/safeti_tms570ls12x/safeti_test/safety_library/hal/include" --include_path="I:/freelancer/itsi/safeti_tms570ls12x/safeti_test/safety_library/source" --include_path="I:/freelancer/itsi/safeti_tms570ls12x/safeti_test/safety_library/include" --include_path="I:/freelancer/itsi/safeti_tms570ls12x/safeti_test/HALCoGen/include" -g --define=_VFP_SUPPORT_=1 --define=_TMS570LS12x_ --define=EXTERNAL_SP_INIT --diag_wrap=off --diag_warning=225 --display_error_number --enum_type=packed --preproc_with_compile --preproc_dependency="HALCoGen/source/sys_startup.pp" --obj_directory="HALCoGen/source"  "../HALCoGen/source/sys_startup.c"
'Finished building: ../HALCoGen/source/sys_startup.c'
' '
'Building target: safeti_test.out'
'Invoking: ARM Linker'
"C:/ti/ccsv6/tools/compiler/ti-cgt-arm_5.2.5/bin/armcl" -mv7R4 --code_state=32 --float_support=VFPv3D16 --abi=eabi -g --define=_VFP_SUPPORT_=1 --define=_TMS570LS12x_ --define=EXTERNAL_SP_INIT --diag_wrap=off --diag_warning=225 --display_error_number --enum_type=packed -z -m"safeti_test.map" --heap_size=0x800 --stack_size=0x800 -i"C:/ti/ccsv6/tools/compiler/ti-cgt-arm_5.2.5/lib" -i"C:/ti/ccsv6/tools/compiler/ti-cgt-arm_5.2.5/include" --reread_libs --display_error_number --diag_wrap=off --warn_sections --xml_link_info="safeti_test_linkInfo.xml" --rom_model --be32 -o "safeti_test.out" "./safety_library/source/sl_asm_api.obj" "./safety_library/source/sl_esm.obj" "./safety_library/source/sl_init.obj" "./safety_library/source/sl_log.obj" "./safety_library/source/sl_misc.obj" "./safety_library/source/sl_pmu.obj" "./safety_library/source/sl_priv.obj" "./safety_library/source/sl_selftest.obj" "./HALCoGen/source/adc.obj" "./HALCoGen/source/can.obj" "./HALCoGen/source/crc.obj" "./HALCoGen/source/dabort.obj" "./HALCoGen/source/dcc.obj" "./HALCoGen/source/ecap.obj" "./HALCoGen/source/eqep.obj" "./HALCoGen/source/esm.obj" "./HALCoGen/source/etpwm.obj" "./HALCoGen/source/gio.obj" "./HALCoGen/source/het.obj" "./HALCoGen/source/i2c.obj" "./HALCoGen/source/lin.obj" "./HALCoGen/source/mibspi.obj" "./HALCoGen/source/notification.obj" "./HALCoGen/source/pinmux.obj" "./HALCoGen/source/rti.obj" "./HALCoGen/source/sci.obj" "./HALCoGen/source/spi.obj" "./HALCoGen/source/sys_core.obj" "./HALCoGen/source/sys_dma.obj" "./HALCoGen/source/sys_intvecs.obj" "./HALCoGen/source/sys_main.obj" "./HALCoGen/source/sys_mpu.obj" "./HALCoGen/source/sys_pcr.obj" "./HALCoGen/source/sys_phantom.obj" "./HALCoGen/source/sys_pmm.obj" "./HALCoGen/source/sys_pmu.obj" "./HALCoGen/source/sys_selftest.obj" "./HALCoGen/source/sys_startup.obj" "./HALCoGen/source/sys_vim.obj" "./HALCoGen/source/system.obj" "../HALCoGen/source/sys_link.cmd"  -l"rtsv7R4_T_be_v3D16_eabi.lib" 
<Linking>
'Finished building target: safeti_test.out'
' '

**** Build Finished ****

**** Build of configuration Debug for project safeti_test ****

"C:\\ti\\ccsv6\\utils\\bin\\gmake" -k all 
gmake: Nothing to be done for `all'.

**** Build Finished ****

**** Build of configuration Debug for project safeti_test ****

"C:\\ti\\ccsv6\\utils\\bin\\gmake" -k all 
gmake: Nothing to be done for `all'.

**** Build Finished ****

**** Build of configuration Debug for project safeti_test ****

"C:\\ti\\ccsv6\\utils\\bin\\gmake" -k all 
'Building file: ../HALCoGen/source/sys_startup.c'
'Invoking: ARM Compiler'
"C:/ti/ccsv6/tools/compiler/ti-cgt-arm_5.2.5/bin/armcl" -mv7R4 --code_state=32 --float_support=VFPv3D16 --abi=eabi --include_path="C:/ti/ccsv6/tools/compiler/ti-cgt-arm_5.2.5/include" --include_path="I:/freelancer/itsi/safeti_tms570ls12x/safeti_test/safety_library/hal/include" --include_path="I:/freelancer/itsi/safeti_tms570ls12x/safeti_test/safety_library/source" --include_path="I:/freelancer/itsi/safeti_tms570ls12x/safeti_test/safety_library/include" --include_path="I:/freelancer/itsi/safeti_tms570ls12x/safeti_test/HALCoGen/include" -g --define=_VFP_SUPPORT_=1 --define=_TMS570LS12x_ --define=EXTERNAL_SP_INIT --diag_wrap=off --diag_warning=225 --display_error_number --enum_type=packed --preproc_with_compile --preproc_dependency="HALCoGen/source/sys_startup.pp" --obj_directory="HALCoGen/source"  "../HALCoGen/source/sys_startup.c"
'Finished building: ../HALCoGen/source/sys_startup.c'
' '
'Building target: safeti_test.out'
'Invoking: ARM Linker'
"C:/ti/ccsv6/tools/compiler/ti-cgt-arm_5.2.5/bin/armcl" -mv7R4 --code_state=32 --float_support=VFPv3D16 --abi=eabi -g --define=_VFP_SUPPORT_=1 --define=_TMS570LS12x_ --define=EXTERNAL_SP_INIT --diag_wrap=off --diag_warning=225 --display_error_number --enum_type=packed -z -m"safeti_test.map" --heap_size=0x800 --stack_size=0x800 -i"C:/ti/ccsv6/tools/compiler/ti-cgt-arm_5.2.5/lib" -i"C:/ti/ccsv6/tools/compiler/ti-cgt-arm_5.2.5/include" --reread_libs --display_error_number --diag_wrap=off --warn_sections --xml_link_info="safeti_test_linkInfo.xml" --rom_model --be32 -o "safeti_test.out" "./safety_library/source/sl_asm_api.obj" "./safety_library/source/sl_esm.obj" "./safety_library/source/sl_init.obj" "./safety_library/source/sl_log.obj" "./safety_library/source/sl_misc.obj" "./safety_library/source/sl_pmu.obj" "./safety_library/source/sl_priv.obj" "./safety_library/source/sl_selftest.obj" "./HALCoGen/source/adc.obj" "./HALCoGen/source/can.obj" "./HALCoGen/source/crc.obj" "./HALCoGen/source/dabort.obj" "./HALCoGen/source/dcc.obj" "./HALCoGen/source/ecap.obj" "./HALCoGen/source/eqep.obj" "./HALCoGen/source/esm.obj" "./HALCoGen/source/etpwm.obj" "./HALCoGen/source/gio.obj" "./HALCoGen/source/het.obj" "./HALCoGen/source/i2c.obj" "./HALCoGen/source/lin.obj" "./HALCoGen/source/mibspi.obj" "./HALCoGen/source/notification.obj" "./HALCoGen/source/pinmux.obj" "./HALCoGen/source/rti.obj" "./HALCoGen/source/sci.obj" "./HALCoGen/source/spi.obj" "./HALCoGen/source/sys_core.obj" "./HALCoGen/source/sys_dma.obj" "./HALCoGen/source/sys_intvecs.obj" "./HALCoGen/source/sys_main.obj" "./HALCoGen/source/sys_mpu.obj" "./HALCoGen/source/sys_pcr.obj" "./HALCoGen/source/sys_phantom.obj" "./HALCoGen/source/sys_pmm.obj" "./HALCoGen/source/sys_pmu.obj" "./HALCoGen/source/sys_selftest.obj" "./HALCoGen/source/sys_startup.obj" "./HALCoGen/source/sys_vim.obj" "./HALCoGen/source/system.obj" "../HALCoGen/source/sys_link.cmd"  -l"rtsv7R4_T_be_v3D16_eabi.lib" 
<Linking>
'Finished building target: safeti_test.out'
' '

**** Build Finished ****

**** Build of configuration Debug for project safeti_test ****

"C:\\ti\\ccsv6\\utils\\bin\\gmake" -k all 
gmake: Nothing to be done for `all'.

**** Build Finished ****

**** Build of configuration Debug for project safeti_test ****

"C:\\ti\\ccsv6\\utils\\bin\\gmake" -k all 
gmake: Nothing to be done for `all'.

**** Build Finished ****

**** Build of configuration Debug for project safeti_test ****

"C:\\ti\\ccsv6\\utils\\bin\\gmake" -k all 
gmake: Nothing to be done for `all'.

**** Build Finished ****

**** Build of configuration Debug for project safeti_test ****

"C:\\ti\\ccsv6\\utils\\bin\\gmake" -k all 
gmake: Nothing to be done for `all'.

**** Build Finished ****

**** Build of configuration Debug for project safeti_test ****

"C:\\ti\\ccsv6\\utils\\bin\\gmake" -k all 
'Building file: ../HALCoGen/source/sys_startup.c'
'Invoking: ARM Compiler'
"C:/ti/ccsv6/tools/compiler/ti-cgt-arm_5.2.5/bin/armcl" -mv7R4 --code_state=32 --float_support=VFPv3D16 --abi=eabi --include_path="C:/ti/ccsv6/tools/compiler/ti-cgt-arm_5.2.5/include" --include_path="I:/freelancer/itsi/safeti_tms570ls12x/safeti_test/safety_library/hal/include" --include_path="I:/freelancer/itsi/safeti_tms570ls12x/safeti_test/safety_library/source" --include_path="I:/freelancer/itsi/safeti_tms570ls12x/safeti_test/safety_library/include" --include_path="I:/freelancer/itsi/safeti_tms570ls12x/safeti_test/HALCoGen/include" -g --define=_VFP_SUPPORT_=1 --define=_TMS570LS12x_ --define=EXTERNAL_SP_INIT --diag_wrap=off --diag_warning=225 --display_error_number --enum_type=packed --preproc_with_compile --preproc_dependency="HALCoGen/source/sys_startup.pp" --obj_directory="HALCoGen/source"  "../HALCoGen/source/sys_startup.c"
'Finished building: ../HALCoGen/source/sys_startup.c'
' '
'Building target: safeti_test.out'
'Invoking: ARM Linker'
"C:/ti/ccsv6/tools/compiler/ti-cgt-arm_5.2.5/bin/armcl" -mv7R4 --code_state=32 --float_support=VFPv3D16 --abi=eabi -g --define=_VFP_SUPPORT_=1 --define=_TMS570LS12x_ --define=EXTERNAL_SP_INIT --diag_wrap=off --diag_warning=225 --display_error_number --enum_type=packed -z -m"safeti_test.map" --heap_size=0x800 --stack_size=0x800 -i"C:/ti/ccsv6/tools/compiler/ti-cgt-arm_5.2.5/lib" -i"C:/ti/ccsv6/tools/compiler/ti-cgt-arm_5.2.5/include" --reread_libs --display_error_number --diag_wrap=off --warn_sections --xml_link_info="safeti_test_linkInfo.xml" --rom_model --be32 -o "safeti_test.out" "./safety_library/source/sl_asm_api.obj" "./safety_library/source/sl_esm.obj" "./safety_library/source/sl_init.obj" "./safety_library/source/sl_log.obj" "./safety_library/source/sl_misc.obj" "./safety_library/source/sl_pmu.obj" "./safety_library/source/sl_priv.obj" "./safety_library/source/sl_selftest.obj" "./HALCoGen/source/adc.obj" "./HALCoGen/source/can.obj" "./HALCoGen/source/crc.obj" "./HALCoGen/source/dabort.obj" "./HALCoGen/source/dcc.obj" "./HALCoGen/source/ecap.obj" "./HALCoGen/source/eqep.obj" "./HALCoGen/source/esm.obj" "./HALCoGen/source/etpwm.obj" "./HALCoGen/source/gio.obj" "./HALCoGen/source/het.obj" "./HALCoGen/source/i2c.obj" "./HALCoGen/source/lin.obj" "./HALCoGen/source/mibspi.obj" "./HALCoGen/source/notification.obj" "./HALCoGen/source/pinmux.obj" "./HALCoGen/source/rti.obj" "./HALCoGen/source/sci.obj" "./HALCoGen/source/spi.obj" "./HALCoGen/source/sys_core.obj" "./HALCoGen/source/sys_dma.obj" "./HALCoGen/source/sys_intvecs.obj" "./HALCoGen/source/sys_main.obj" "./HALCoGen/source/sys_mpu.obj" "./HALCoGen/source/sys_pcr.obj" "./HALCoGen/source/sys_phantom.obj" "./HALCoGen/source/sys_pmm.obj" "./HALCoGen/source/sys_pmu.obj" "./HALCoGen/source/sys_selftest.obj" "./HALCoGen/source/sys_startup.obj" "./HALCoGen/source/sys_vim.obj" "./HALCoGen/source/system.obj" "../HALCoGen/source/sys_link.cmd"  -l"rtsv7R4_T_be_v3D16_eabi.lib" 
<Linking>
'Finished building target: safeti_test.out'
' '

**** Build Finished ****

**** Build of configuration Debug for project safeti_test ****

"C:\\ti\\ccsv6\\utils\\bin\\gmake" -k all 
gmake: Nothing to be done for `all'.

**** Build Finished ****

**** Build of configuration Debug for project safeti_test ****

"C:\\ti\\ccsv6\\utils\\bin\\gmake" -k all 
gmake: Nothing to be done for `all'.

**** Build Finished ****

**** Build of configuration Debug for project safeti_test ****

"C:\\ti\\ccsv6\\utils\\bin\\gmake" -k all 
'Building file: ../HALCoGen/source/sys_startup.c'
'Invoking: ARM Compiler'
"C:/ti/ccsv6/tools/compiler/ti-cgt-arm_5.2.5/bin/armcl" -mv7R4 --code_state=32 --float_support=VFPv3D16 --abi=eabi --include_path="C:/ti/ccsv6/tools/compiler/ti-cgt-arm_5.2.5/include" --include_path="I:/freelancer/itsi/safeti_tms570ls12x/safeti_test/safety_library/hal/include" --include_path="I:/freelancer/itsi/safeti_tms570ls12x/safeti_test/safety_library/source" --include_path="I:/freelancer/itsi/safeti_tms570ls12x/safeti_test/safety_library/include" --include_path="I:/freelancer/itsi/safeti_tms570ls12x/safeti_test/HALCoGen/include" -g --define=_VFP_SUPPORT_=1 --define=_TMS570LS12x_ --define=EXTERNAL_SP_INIT --diag_wrap=off --diag_warning=225 --display_error_number --enum_type=packed --preproc_with_compile --preproc_dependency="HALCoGen/source/sys_startup.pp" --obj_directory="HALCoGen/source"  "../HALCoGen/source/sys_startup.c"
'Finished building: ../HALCoGen/source/sys_startup.c'
' '
'Building target: safeti_test.out'
'Invoking: ARM Linker'
"C:/ti/ccsv6/tools/compiler/ti-cgt-arm_5.2.5/bin/armcl" -mv7R4 --code_state=32 --float_support=VFPv3D16 --abi=eabi -g --define=_VFP_SUPPORT_=1 --define=_TMS570LS12x_ --define=EXTERNAL_SP_INIT --diag_wrap=off --diag_warning=225 --display_error_number --enum_type=packed -z -m"safeti_test.map" --heap_size=0x800 --stack_size=0x800 -i"C:/ti/ccsv6/tools/compiler/ti-cgt-arm_5.2.5/lib" -i"C:/ti/ccsv6/tools/compiler/ti-cgt-arm_5.2.5/include" --reread_libs --display_error_number --diag_wrap=off --warn_sections --xml_link_info="safeti_test_linkInfo.xml" --rom_model --be32 -o "safeti_test.out" "./safety_library/source/sl_asm_api.obj" "./safety_library/source/sl_esm.obj" "./safety_library/source/sl_init.obj" "./safety_library/source/sl_log.obj" "./safety_library/source/sl_misc.obj" "./safety_library/source/sl_pmu.obj" "./safety_library/source/sl_priv.obj" "./safety_library/source/sl_selftest.obj" "./HALCoGen/source/adc.obj" "./HALCoGen/source/can.obj" "./HALCoGen/source/crc.obj" "./HALCoGen/source/dabort.obj" "./HALCoGen/source/dcc.obj" "./HALCoGen/source/ecap.obj" "./HALCoGen/source/eqep.obj" "./HALCoGen/source/esm.obj" "./HALCoGen/source/etpwm.obj" "./HALCoGen/source/gio.obj" "./HALCoGen/source/het.obj" "./HALCoGen/source/i2c.obj" "./HALCoGen/source/lin.obj" "./HALCoGen/source/mibspi.obj" "./HALCoGen/source/notification.obj" "./HALCoGen/source/pinmux.obj" "./HALCoGen/source/rti.obj" "./HALCoGen/source/sci.obj" "./HALCoGen/source/spi.obj" "./HALCoGen/source/sys_core.obj" "./HALCoGen/source/sys_dma.obj" "./HALCoGen/source/sys_intvecs.obj" "./HALCoGen/source/sys_main.obj" "./HALCoGen/source/sys_mpu.obj" "./HALCoGen/source/sys_pcr.obj" "./HALCoGen/source/sys_phantom.obj" "./HALCoGen/source/sys_pmm.obj" "./HALCoGen/source/sys_pmu.obj" "./HALCoGen/source/sys_selftest.obj" "./HALCoGen/source/sys_startup.obj" "./HALCoGen/source/sys_vim.obj" "./HALCoGen/source/system.obj" "../HALCoGen/source/sys_link.cmd"  -l"rtsv7R4_T_be_v3D16_eabi.lib" 
<Linking>
'Finished building target: safeti_test.out'
' '

**** Build Finished ****

**** Build of configuration Debug for project safeti_test ****

"C:\\ti\\ccsv6\\utils\\bin\\gmake" -k all 
gmake: Nothing to be done for `all'.

**** Build Finished ****

**** Build of configuration Debug for project safeti_test ****

"C:\\ti\\ccsv6\\utils\\bin\\gmake" -k all 
'Building file: ../HALCoGen/source/sys_startup.c'
'Invoking: ARM Compiler'
"C:/ti/ccsv6/tools/compiler/ti-cgt-arm_5.2.5/bin/armcl" -mv7R4 --code_state=32 --float_support=VFPv3D16 --abi=eabi --include_path="C:/ti/ccsv6/tools/compiler/ti-cgt-arm_5.2.5/include" --include_path="I:/freelancer/itsi/safeti_tms570ls12x/safeti_test/safety_library/hal/include" --include_path="I:/freelancer/itsi/safeti_tms570ls12x/safeti_test/safety_library/source" --include_path="I:/freelancer/itsi/safeti_tms570ls12x/safeti_test/safety_library/include" --include_path="I:/freelancer/itsi/safeti_tms570ls12x/safeti_test/HALCoGen/include" -g --define=_VFP_SUPPORT_=1 --define=_TMS570LS12x_ --define=EXTERNAL_SP_INIT --diag_wrap=off --diag_warning=225 --display_error_number --enum_type=packed --preproc_with_compile --preproc_dependency="HALCoGen/source/sys_startup.pp" --obj_directory="HALCoGen/source"  "../HALCoGen/source/sys_startup.c"
'Finished building: ../HALCoGen/source/sys_startup.c'
' '
'Building target: safeti_test.out'
'Invoking: ARM Linker'
"C:/ti/ccsv6/tools/compiler/ti-cgt-arm_5.2.5/bin/armcl" -mv7R4 --code_state=32 --float_support=VFPv3D16 --abi=eabi -g --define=_VFP_SUPPORT_=1 --define=_TMS570LS12x_ --define=EXTERNAL_SP_INIT --diag_wrap=off --diag_warning=225 --display_error_number --enum_type=packed -z -m"safeti_test.map" --heap_size=0x800 --stack_size=0x800 -i"C:/ti/ccsv6/tools/compiler/ti-cgt-arm_5.2.5/lib" -i"C:/ti/ccsv6/tools/compiler/ti-cgt-arm_5.2.5/include" --reread_libs --display_error_number --diag_wrap=off --warn_sections --xml_link_info="safeti_test_linkInfo.xml" --rom_model --be32 -o "safeti_test.out" "./safety_library/source/sl_asm_api.obj" "./safety_library/source/sl_esm.obj" "./safety_library/source/sl_init.obj" "./safety_library/source/sl_log.obj" "./safety_library/source/sl_misc.obj" "./safety_library/source/sl_pmu.obj" "./safety_library/source/sl_priv.obj" "./safety_library/source/sl_selftest.obj" "./HALCoGen/source/adc.obj" "./HALCoGen/source/can.obj" "./HALCoGen/source/crc.obj" "./HALCoGen/source/dabort.obj" "./HALCoGen/source/dcc.obj" "./HALCoGen/source/ecap.obj" "./HALCoGen/source/eqep.obj" "./HALCoGen/source/esm.obj" "./HALCoGen/source/etpwm.obj" "./HALCoGen/source/gio.obj" "./HALCoGen/source/het.obj" "./HALCoGen/source/i2c.obj" "./HALCoGen/source/lin.obj" "./HALCoGen/source/mibspi.obj" "./HALCoGen/source/notification.obj" "./HALCoGen/source/pinmux.obj" "./HALCoGen/source/rti.obj" "./HALCoGen/source/sci.obj" "./HALCoGen/source/spi.obj" "./HALCoGen/source/sys_core.obj" "./HALCoGen/source/sys_dma.obj" "./HALCoGen/source/sys_intvecs.obj" "./HALCoGen/source/sys_main.obj" "./HALCoGen/source/sys_mpu.obj" "./HALCoGen/source/sys_pcr.obj" "./HALCoGen/source/sys_phantom.obj" "./HALCoGen/source/sys_pmm.obj" "./HALCoGen/source/sys_pmu.obj" "./HALCoGen/source/sys_selftest.obj" "./HALCoGen/source/sys_startup.obj" "./HALCoGen/source/sys_vim.obj" "./HALCoGen/source/system.obj" "../HALCoGen/source/sys_link.cmd"  -l"rtsv7R4_T_be_v3D16_eabi.lib" 
<Linking>
'Finished building target: safeti_test.out'
' '

**** Build Finished ****

**** Build of configuration Debug for project safeti_test ****

"C:\\ti\\ccsv6\\utils\\bin\\gmake" -k all 
gmake: Nothing to be done for `all'.

**** Build Finished ****

**** Build of configuration Debug for project safeti_test ****

"C:\\ti\\ccsv6\\utils\\bin\\gmake" -k all 
'Building file: ../HALCoGen/source/sys_startup.c'
'Invoking: ARM Compiler'
"C:/ti/ccsv6/tools/compiler/ti-cgt-arm_5.2.5/bin/armcl" -mv7R4 --code_state=32 --float_support=VFPv3D16 --abi=eabi --include_path="C:/ti/ccsv6/tools/compiler/ti-cgt-arm_5.2.5/include" --include_path="I:/freelancer/itsi/safeti_tms570ls12x/safeti_test/safety_library/hal/include" --include_path="I:/freelancer/itsi/safeti_tms570ls12x/safeti_test/safety_library/source" --include_path="I:/freelancer/itsi/safeti_tms570ls12x/safeti_test/safety_library/include" --include_path="I:/freelancer/itsi/safeti_tms570ls12x/safeti_test/HALCoGen/include" -g --define=_VFP_SUPPORT_=1 --define=_TMS570LS12x_ --define=EXTERNAL_SP_INIT --diag_wrap=off --diag_warning=225 --display_error_number --enum_type=packed --preproc_with_compile --preproc_dependency="HALCoGen/source/sys_startup.pp" --obj_directory="HALCoGen/source"  "../HALCoGen/source/sys_startup.c"
'Finished building: ../HALCoGen/source/sys_startup.c'
' '
'Building target: safeti_test.out'
'Invoking: ARM Linker'
"C:/ti/ccsv6/tools/compiler/ti-cgt-arm_5.2.5/bin/armcl" -mv7R4 --code_state=32 --float_support=VFPv3D16 --abi=eabi -g --define=_VFP_SUPPORT_=1 --define=_TMS570LS12x_ --define=EXTERNAL_SP_INIT --diag_wrap=off --diag_warning=225 --display_error_number --enum_type=packed -z -m"safeti_test.map" --heap_size=0x800 --stack_size=0x800 -i"C:/ti/ccsv6/tools/compiler/ti-cgt-arm_5.2.5/lib" -i"C:/ti/ccsv6/tools/compiler/ti-cgt-arm_5.2.5/include" --reread_libs --display_error_number --diag_wrap=off --warn_sections --xml_link_info="safeti_test_linkInfo.xml" --rom_model --be32 -o "safeti_test.out" "./safety_library/source/sl_asm_api.obj" "./safety_library/source/sl_esm.obj" "./safety_library/source/sl_init.obj" "./safety_library/source/sl_log.obj" "./safety_library/source/sl_misc.obj" "./safety_library/source/sl_pmu.obj" "./safety_library/source/sl_priv.obj" "./safety_library/source/sl_selftest.obj" "./HALCoGen/source/adc.obj" "./HALCoGen/source/can.obj" "./HALCoGen/source/crc.obj" "./HALCoGen/source/dabort.obj" "./HALCoGen/source/dcc.obj" "./HALCoGen/source/ecap.obj" "./HALCoGen/source/eqep.obj" "./HALCoGen/source/esm.obj" "./HALCoGen/source/etpwm.obj" "./HALCoGen/source/gio.obj" "./HALCoGen/source/het.obj" "./HALCoGen/source/i2c.obj" "./HALCoGen/source/lin.obj" "./HALCoGen/source/mibspi.obj" "./HALCoGen/source/notification.obj" "./HALCoGen/source/pinmux.obj" "./HALCoGen/source/rti.obj" "./HALCoGen/source/sci.obj" "./HALCoGen/source/spi.obj" "./HALCoGen/source/sys_core.obj" "./HALCoGen/source/sys_dma.obj" "./HALCoGen/source/sys_intvecs.obj" "./HALCoGen/source/sys_main.obj" "./HALCoGen/source/sys_mpu.obj" "./HALCoGen/source/sys_pcr.obj" "./HALCoGen/source/sys_phantom.obj" "./HALCoGen/source/sys_pmm.obj" "./HALCoGen/source/sys_pmu.obj" "./HALCoGen/source/sys_selftest.obj" "./HALCoGen/source/sys_startup.obj" "./HALCoGen/source/sys_vim.obj" "./HALCoGen/source/system.obj" "../HALCoGen/source/sys_link.cmd"  -l"rtsv7R4_T_be_v3D16_eabi.lib" 
<Linking>
'Finished building target: safeti_test.out'
' '

**** Build Finished ****

**** Build of configuration Debug for project safeti_test ****

"C:\\ti\\ccsv6\\utils\\bin\\gmake" -k all 
gmake: Nothing to be done for `all'.

**** Build Finished ****

**** Build of configuration Debug for project safeti_test ****

"C:\\ti\\ccsv6\\utils\\bin\\gmake" -k all 
gmake: Nothing to be done for `all'.

**** Build Finished ****

**** Build of configuration Debug for project safeti_test ****

"C:\\ti\\ccsv6\\utils\\bin\\gmake" -k all 
gmake: Nothing to be done for `all'.

**** Build Finished ****

**** Build of configuration Debug for project safeti_test ****

"C:\\ti\\ccsv6\\utils\\bin\\gmake" -k all 
gmake: Nothing to be done for `all'.

**** Build Finished ****

**** Build of configuration Debug for project safeti_test ****

"C:\\ti\\ccsv6\\utils\\bin\\gmake" -k all 
'Building file: ../HALCoGen/source/dabort.asm'
'Invoking: ARM Compiler'
"C:/ti/ccsv6/tools/compiler/ti-cgt-arm_5.2.5/bin/armcl" -mv7R4 --code_state=32 --float_support=VFPv3D16 --abi=eabi --include_path="C:/ti/ccsv6/tools/compiler/ti-cgt-arm_5.2.5/include" --include_path="I:/freelancer/itsi/safeti_tms570ls12x/safeti_test/safety_library/hal/include" --include_path="I:/freelancer/itsi/safeti_tms570ls12x/safeti_test/safety_library/source" --include_path="I:/freelancer/itsi/safeti_tms570ls12x/safeti_test/safety_library/include" --include_path="I:/freelancer/itsi/safeti_tms570ls12x/safeti_test/HALCoGen/include" -g --define=_VFP_SUPPORT_=1 --define=_TMS570LS12x_ --define=EXTERNAL_SP_INIT --diag_wrap=off --diag_warning=225 --display_error_number --enum_type=packed --preproc_with_compile --preproc_dependency="HALCoGen/source/dabort.pp" --obj_directory="HALCoGen/source"  "../HALCoGen/source/dabort.asm"
'Finished building: ../HALCoGen/source/dabort.asm'
' '
'Building file: ../HALCoGen/source/gio.c'
'Invoking: ARM Compiler'
"C:/ti/ccsv6/tools/compiler/ti-cgt-arm_5.2.5/bin/armcl" -mv7R4 --code_state=32 --float_support=VFPv3D16 --abi=eabi --include_path="C:/ti/ccsv6/tools/compiler/ti-cgt-arm_5.2.5/include" --include_path="I:/freelancer/itsi/safeti_tms570ls12x/safeti_test/safety_library/hal/include" --include_path="I:/freelancer/itsi/safeti_tms570ls12x/safeti_test/safety_library/source" --include_path="I:/freelancer/itsi/safeti_tms570ls12x/safeti_test/safety_library/include" --include_path="I:/freelancer/itsi/safeti_tms570ls12x/safeti_test/HALCoGen/include" -g --define=_VFP_SUPPORT_=1 --define=_TMS570LS12x_ --define=EXTERNAL_SP_INIT --diag_wrap=off --diag_warning=225 --display_error_number --enum_type=packed --preproc_with_compile --preproc_dependency="HALCoGen/source/gio.pp" --obj_directory="HALCoGen/source"  "../HALCoGen/source/gio.c"
'Finished building: ../HALCoGen/source/gio.c'
' '
'Building file: ../HALCoGen/source/lin.c'
'Invoking: ARM Compiler'
"C:/ti/ccsv6/tools/compiler/ti-cgt-arm_5.2.5/bin/armcl" -mv7R4 --code_state=32 --float_support=VFPv3D16 --abi=eabi --include_path="C:/ti/ccsv6/tools/compiler/ti-cgt-arm_5.2.5/include" --include_path="I:/freelancer/itsi/safeti_tms570ls12x/safeti_test/safety_library/hal/include" --include_path="I:/freelancer/itsi/safeti_tms570ls12x/safeti_test/safety_library/source" --include_path="I:/freelancer/itsi/safeti_tms570ls12x/safeti_test/safety_library/include" --include_path="I:/freelancer/itsi/safeti_tms570ls12x/safeti_test/HALCoGen/include" -g --define=_VFP_SUPPORT_=1 --define=_TMS570LS12x_ --define=EXTERNAL_SP_INIT --diag_wrap=off --diag_warning=225 --display_error_number --enum_type=packed --preproc_with_compile --preproc_dependency="HALCoGen/source/lin.pp" --obj_directory="HALCoGen/source"  "../HALCoGen/source/lin.c"
'Finished building: ../HALCoGen/source/lin.c'
' '
'Building file: ../HALCoGen/source/mibspi.c'
'Invoking: ARM Compiler'
"C:/ti/ccsv6/tools/compiler/ti-cgt-arm_5.2.5/bin/armcl" -mv7R4 --code_state=32 --float_support=VFPv3D16 --abi=eabi --include_path="C:/ti/ccsv6/tools/compiler/ti-cgt-arm_5.2.5/include" --include_path="I:/freelancer/itsi/safeti_tms570ls12x/safeti_test/safety_library/hal/include" --include_path="I:/freelancer/itsi/safeti_tms570ls12x/safeti_test/safety_library/source" --include_path="I:/freelancer/itsi/safeti_tms570ls12x/safeti_test/safety_library/include" --include_path="I:/freelancer/itsi/safeti_tms570ls12x/safeti_test/HALCoGen/include" -g --define=_VFP_SUPPORT_=1 --define=_TMS570LS12x_ --define=EXTERNAL_SP_INIT --diag_wrap=off --diag_warning=225 --display_error_number --enum_type=packed --preproc_with_compile --preproc_dependency="HALCoGen/source/mibspi.pp" --obj_directory="HALCoGen/source"  "../HALCoGen/source/mibspi.c"
'Finished building: ../HALCoGen/source/mibspi.c'
' '
'Building file: ../HALCoGen/source/notification.c'
'Invoking: ARM Compiler'
"C:/ti/ccsv6/tools/compiler/ti-cgt-arm_5.2.5/bin/armcl" -mv7R4 --code_state=32 --float_support=VFPv3D16 --abi=eabi --include_path="C:/ti/ccsv6/tools/compiler/ti-cgt-arm_5.2.5/include" --include_path="I:/freelancer/itsi/safeti_tms570ls12x/safeti_test/safety_library/hal/include" --include_path="I:/freelancer/itsi/safeti_tms570ls12x/safeti_test/safety_library/source" --include_path="I:/freelancer/itsi/safeti_tms570ls12x/safeti_test/safety_library/include" --include_path="I:/freelancer/itsi/safeti_tms570ls12x/safeti_test/HALCoGen/include" -g --define=_VFP_SUPPORT_=1 --define=_TMS570LS12x_ --define=EXTERNAL_SP_INIT --diag_wrap=off --diag_warning=225 --display_error_number --enum_type=packed --preproc_with_compile --preproc_dependency="HALCoGen/source/notification.pp" --obj_directory="HALCoGen/source"  "../HALCoGen/source/notification.c"
'Finished building: ../HALCoGen/source/notification.c'
' '
'Building file: ../HALCoGen/source/pinmux.c'
'Invoking: ARM Compiler'
"C:/ti/ccsv6/tools/compiler/ti-cgt-arm_5.2.5/bin/armcl" -mv7R4 --code_state=32 --float_support=VFPv3D16 --abi=eabi --include_path="C:/ti/ccsv6/tools/compiler/ti-cgt-arm_5.2.5/include" --include_path="I:/freelancer/itsi/safeti_tms570ls12x/safeti_test/safety_library/hal/include" --include_path="I:/freelancer/itsi/safeti_tms570ls12x/safeti_test/safety_library/source" --include_path="I:/freelancer/itsi/safeti_tms570ls12x/safeti_test/safety_library/include" --include_path="I:/freelancer/itsi/safeti_tms570ls12x/safeti_test/HALCoGen/include" -g --define=_VFP_SUPPORT_=1 --define=_TMS570LS12x_ --define=EXTERNAL_SP_INIT --diag_wrap=off --diag_warning=225 --display_error_number --enum_type=packed --preproc_with_compile --preproc_dependency="HALCoGen/source/pinmux.pp" --obj_directory="HALCoGen/source"  "../HALCoGen/source/pinmux.c"
'Finished building: ../HALCoGen/source/pinmux.c'
' '
'Building file: ../HALCoGen/source/rti.c'
'Invoking: ARM Compiler'
"C:/ti/ccsv6/tools/compiler/ti-cgt-arm_5.2.5/bin/armcl" -mv7R4 --code_state=32 --float_support=VFPv3D16 --abi=eabi --include_path="C:/ti/ccsv6/tools/compiler/ti-cgt-arm_5.2.5/include" --include_path="I:/freelancer/itsi/safeti_tms570ls12x/safeti_test/safety_library/hal/include" --include_path="I:/freelancer/itsi/safeti_tms570ls12x/safeti_test/safety_library/source" --include_path="I:/freelancer/itsi/safeti_tms570ls12x/safeti_test/safety_library/include" --include_path="I:/freelancer/itsi/safeti_tms570ls12x/safeti_test/HALCoGen/include" -g --define=_VFP_SUPPORT_=1 --define=_TMS570LS12x_ --define=EXTERNAL_SP_INIT --diag_wrap=off --diag_warning=225 --display_error_number --enum_type=packed --preproc_with_compile --preproc_dependency="HALCoGen/source/rti.pp" --obj_directory="HALCoGen/source"  "../HALCoGen/source/rti.c"
'Finished building: ../HALCoGen/source/rti.c'
' '
'Building file: ../HALCoGen/source/sci.c'
'Invoking: ARM Compiler'
"C:/ti/ccsv6/tools/compiler/ti-cgt-arm_5.2.5/bin/armcl" -mv7R4 --code_state=32 --float_support=VFPv3D16 --abi=eabi --include_path="C:/ti/ccsv6/tools/compiler/ti-cgt-arm_5.2.5/include" --include_path="I:/freelancer/itsi/safeti_tms570ls12x/safeti_test/safety_library/hal/include" --include_path="I:/freelancer/itsi/safeti_tms570ls12x/safeti_test/safety_library/source" --include_path="I:/freelancer/itsi/safeti_tms570ls12x/safeti_test/safety_library/include" --include_path="I:/freelancer/itsi/safeti_tms570ls12x/safeti_test/HALCoGen/include" -g --define=_VFP_SUPPORT_=1 --define=_TMS570LS12x_ --define=EXTERNAL_SP_INIT --diag_wrap=off --diag_warning=225 --display_error_number --enum_type=packed --preproc_with_compile --preproc_dependency="HALCoGen/source/sci.pp" --obj_directory="HALCoGen/source"  "../HALCoGen/source/sci.c"
'Finished building: ../HALCoGen/source/sci.c'
' '
'Building file: ../HALCoGen/source/spi.c'
'Invoking: ARM Compiler'
"C:/ti/ccsv6/tools/compiler/ti-cgt-arm_5.2.5/bin/armcl" -mv7R4 --code_state=32 --float_support=VFPv3D16 --abi=eabi --include_path="C:/ti/ccsv6/tools/compiler/ti-cgt-arm_5.2.5/include" --include_path="I:/freelancer/itsi/safeti_tms570ls12x/safeti_test/safety_library/hal/include" --include_path="I:/freelancer/itsi/safeti_tms570ls12x/safeti_test/safety_library/source" --include_path="I:/freelancer/itsi/safeti_tms570ls12x/safeti_test/safety_library/include" --include_path="I:/freelancer/itsi/safeti_tms570ls12x/safeti_test/HALCoGen/include" -g --define=_VFP_SUPPORT_=1 --define=_TMS570LS12x_ --define=EXTERNAL_SP_INIT --diag_wrap=off --diag_warning=225 --display_error_number --enum_type=packed --preproc_with_compile --preproc_dependency="HALCoGen/source/spi.pp" --obj_directory="HALCoGen/source"  "../HALCoGen/source/spi.c"
'Finished building: ../HALCoGen/source/spi.c'
' '
'Building file: ../HALCoGen/source/sys_core.asm'
'Invoking: ARM Compiler'
"C:/ti/ccsv6/tools/compiler/ti-cgt-arm_5.2.5/bin/armcl" -mv7R4 --code_state=32 --float_support=VFPv3D16 --abi=eabi --include_path="C:/ti/ccsv6/tools/compiler/ti-cgt-arm_5.2.5/include" --include_path="I:/freelancer/itsi/safeti_tms570ls12x/safeti_test/safety_library/hal/include" --include_path="I:/freelancer/itsi/safeti_tms570ls12x/safeti_test/safety_library/source" --include_path="I:/freelancer/itsi/safeti_tms570ls12x/safeti_test/safety_library/include" --include_path="I:/freelancer/itsi/safeti_tms570ls12x/safeti_test/HALCoGen/include" -g --define=_VFP_SUPPORT_=1 --define=_TMS570LS12x_ --define=EXTERNAL_SP_INIT --diag_wrap=off --diag_warning=225 --display_error_number --enum_type=packed --preproc_with_compile --preproc_dependency="HALCoGen/source/sys_core.pp" --obj_directory="HALCoGen/source"  "../HALCoGen/source/sys_core.asm"
'Finished building: ../HALCoGen/source/sys_core.asm'
' '
'Building file: ../HALCoGen/source/sys_dma.c'
'Invoking: ARM Compiler'
"C:/ti/ccsv6/tools/compiler/ti-cgt-arm_5.2.5/bin/armcl" -mv7R4 --code_state=32 --float_support=VFPv3D16 --abi=eabi --include_path="C:/ti/ccsv6/tools/compiler/ti-cgt-arm_5.2.5/include" --include_path="I:/freelancer/itsi/safeti_tms570ls12x/safeti_test/safety_library/hal/include" --include_path="I:/freelancer/itsi/safeti_tms570ls12x/safeti_test/safety_library/source" --include_path="I:/freelancer/itsi/safeti_tms570ls12x/safeti_test/safety_library/include" --include_path="I:/freelancer/itsi/safeti_tms570ls12x/safeti_test/HALCoGen/include" -g --define=_VFP_SUPPORT_=1 --define=_TMS570LS12x_ --define=EXTERNAL_SP_INIT --diag_wrap=off --diag_warning=225 --display_error_number --enum_type=packed --preproc_with_compile --preproc_dependency="HALCoGen/source/sys_dma.pp" --obj_directory="HALCoGen/source"  "../HALCoGen/source/sys_dma.c"
'Finished building: ../HALCoGen/source/sys_dma.c'
' '
'Building file: ../HALCoGen/source/sys_intvecs.asm'
'Invoking: ARM Compiler'
"C:/ti/ccsv6/tools/compiler/ti-cgt-arm_5.2.5/bin/armcl" -mv7R4 --code_state=32 --float_support=VFPv3D16 --abi=eabi --include_path="C:/ti/ccsv6/tools/compiler/ti-cgt-arm_5.2.5/include" --include_path="I:/freelancer/itsi/safeti_tms570ls12x/safeti_test/safety_library/hal/include" --include_path="I:/freelancer/itsi/safeti_tms570ls12x/safeti_test/safety_library/source" --include_path="I:/freelancer/itsi/safeti_tms570ls12x/safeti_test/safety_library/include" --include_path="I:/freelancer/itsi/safeti_tms570ls12x/safeti_test/HALCoGen/include" -g --define=_VFP_SUPPORT_=1 --define=_TMS570LS12x_ --define=EXTERNAL_SP_INIT --diag_wrap=off --diag_warning=225 --display_error_number --enum_type=packed --preproc_with_compile --preproc_dependency="HALCoGen/source/sys_intvecs.pp" --obj_directory="HALCoGen/source"  "../HALCoGen/source/sys_intvecs.asm"
'Finished building: ../HALCoGen/source/sys_intvecs.asm'
' '
'Building file: ../HALCoGen/source/sys_main.c'
'Invoking: ARM Compiler'
"C:/ti/ccsv6/tools/compiler/ti-cgt-arm_5.2.5/bin/armcl" -mv7R4 --code_state=32 --float_support=VFPv3D16 --abi=eabi --include_path="C:/ti/ccsv6/tools/compiler/ti-cgt-arm_5.2.5/include" --include_path="I:/freelancer/itsi/safeti_tms570ls12x/safeti_test/safety_library/hal/include" --include_path="I:/freelancer/itsi/safeti_tms570ls12x/safeti_test/safety_library/source" --include_path="I:/freelancer/itsi/safeti_tms570ls12x/safeti_test/safety_library/include" --include_path="I:/freelancer/itsi/safeti_tms570ls12x/safeti_test/HALCoGen/include" -g --define=_VFP_SUPPORT_=1 --define=_TMS570LS12x_ --define=EXTERNAL_SP_INIT --diag_wrap=off --diag_warning=225 --display_error_number --enum_type=packed --preproc_with_compile --preproc_dependency="HALCoGen/source/sys_main.pp" --obj_directory="HALCoGen/source"  "../HALCoGen/source/sys_main.c"
'Finished building: ../HALCoGen/source/sys_main.c'
' '
'Building file: ../HALCoGen/source/sys_mpu.asm'
'Invoking: ARM Compiler'
"C:/ti/ccsv6/tools/compiler/ti-cgt-arm_5.2.5/bin/armcl" -mv7R4 --code_state=32 --float_support=VFPv3D16 --abi=eabi --include_path="C:/ti/ccsv6/tools/compiler/ti-cgt-arm_5.2.5/include" --include_path="I:/freelancer/itsi/safeti_tms570ls12x/safeti_test/safety_library/hal/include" --include_path="I:/freelancer/itsi/safeti_tms570ls12x/safeti_test/safety_library/source" --include_path="I:/freelancer/itsi/safeti_tms570ls12x/safeti_test/safety_library/include" --include_path="I:/freelancer/itsi/safeti_tms570ls12x/safeti_test/HALCoGen/include" -g --define=_VFP_SUPPORT_=1 --define=_TMS570LS12x_ --define=EXTERNAL_SP_INIT --diag_wrap=off --diag_warning=225 --display_error_number --enum_type=packed --preproc_with_compile --preproc_dependency="HALCoGen/source/sys_mpu.pp" --obj_directory="HALCoGen/source"  "../HALCoGen/source/sys_mpu.asm"
'Finished building: ../HALCoGen/source/sys_mpu.asm'
' '
'Building file: ../HALCoGen/source/sys_pcr.c'
'Invoking: ARM Compiler'
"C:/ti/ccsv6/tools/compiler/ti-cgt-arm_5.2.5/bin/armcl" -mv7R4 --code_state=32 --float_support=VFPv3D16 --abi=eabi --include_path="C:/ti/ccsv6/tools/compiler/ti-cgt-arm_5.2.5/include" --include_path="I:/freelancer/itsi/safeti_tms570ls12x/safeti_test/safety_library/hal/include" --include_path="I:/freelancer/itsi/safeti_tms570ls12x/safeti_test/safety_library/source" --include_path="I:/freelancer/itsi/safeti_tms570ls12x/safeti_test/safety_library/include" --include_path="I:/freelancer/itsi/safeti_tms570ls12x/safeti_test/HALCoGen/include" -g --define=_VFP_SUPPORT_=1 --define=_TMS570LS12x_ --define=EXTERNAL_SP_INIT --diag_wrap=off --diag_warning=225 --display_error_number --enum_type=packed --preproc_with_compile --preproc_dependency="HALCoGen/source/sys_pcr.pp" --obj_directory="HALCoGen/source"  "../HALCoGen/source/sys_pcr.c"
'Finished building: ../HALCoGen/source/sys_pcr.c'
' '
'Building file: ../HALCoGen/source/sys_phantom.c'
'Invoking: ARM Compiler'
"C:/ti/ccsv6/tools/compiler/ti-cgt-arm_5.2.5/bin/armcl" -mv7R4 --code_state=32 --float_support=VFPv3D16 --abi=eabi --include_path="C:/ti/ccsv6/tools/compiler/ti-cgt-arm_5.2.5/include" --include_path="I:/freelancer/itsi/safeti_tms570ls12x/safeti_test/safety_library/hal/include" --include_path="I:/freelancer/itsi/safeti_tms570ls12x/safeti_test/safety_library/source" --include_path="I:/freelancer/itsi/safeti_tms570ls12x/safeti_test/safety_library/include" --include_path="I:/freelancer/itsi/safeti_tms570ls12x/safeti_test/HALCoGen/include" -g --define=_VFP_SUPPORT_=1 --define=_TMS570LS12x_ --define=EXTERNAL_SP_INIT --diag_wrap=off --diag_warning=225 --display_error_number --enum_type=packed --preproc_with_compile --preproc_dependency="HALCoGen/source/sys_phantom.pp" --obj_directory="HALCoGen/source"  "../HALCoGen/source/sys_phantom.c"
'Finished building: ../HALCoGen/source/sys_phantom.c'
' '
'Building file: ../HALCoGen/source/sys_pmm.c'
'Invoking: ARM Compiler'
"C:/ti/ccsv6/tools/compiler/ti-cgt-arm_5.2.5/bin/armcl" -mv7R4 --code_state=32 --float_support=VFPv3D16 --abi=eabi --include_path="C:/ti/ccsv6/tools/compiler/ti-cgt-arm_5.2.5/include" --include_path="I:/freelancer/itsi/safeti_tms570ls12x/safeti_test/safety_library/hal/include" --include_path="I:/freelancer/itsi/safeti_tms570ls12x/safeti_test/safety_library/source" --include_path="I:/freelancer/itsi/safeti_tms570ls12x/safeti_test/safety_library/include" --include_path="I:/freelancer/itsi/safeti_tms570ls12x/safeti_test/HALCoGen/include" -g --define=_VFP_SUPPORT_=1 --define=_TMS570LS12x_ --define=EXTERNAL_SP_INIT --diag_wrap=off --diag_warning=225 --display_error_number --enum_type=packed --preproc_with_compile --preproc_dependency="HALCoGen/source/sys_pmm.pp" --obj_directory="HALCoGen/source"  "../HALCoGen/source/sys_pmm.c"
'Finished building: ../HALCoGen/source/sys_pmm.c'
' '
'Building file: ../HALCoGen/source/sys_pmu.asm'
'Invoking: ARM Compiler'
"C:/ti/ccsv6/tools/compiler/ti-cgt-arm_5.2.5/bin/armcl" -mv7R4 --code_state=32 --float_support=VFPv3D16 --abi=eabi --include_path="C:/ti/ccsv6/tools/compiler/ti-cgt-arm_5.2.5/include" --include_path="I:/freelancer/itsi/safeti_tms570ls12x/safeti_test/safety_library/hal/include" --include_path="I:/freelancer/itsi/safeti_tms570ls12x/safeti_test/safety_library/source" --include_path="I:/freelancer/itsi/safeti_tms570ls12x/safeti_test/safety_library/include" --include_path="I:/freelancer/itsi/safeti_tms570ls12x/safeti_test/HALCoGen/include" -g --define=_VFP_SUPPORT_=1 --define=_TMS570LS12x_ --define=EXTERNAL_SP_INIT --diag_wrap=off --diag_warning=225 --display_error_number --enum_type=packed --preproc_with_compile --preproc_dependency="HALCoGen/source/sys_pmu.pp" --obj_directory="HALCoGen/source"  "../HALCoGen/source/sys_pmu.asm"
'Finished building: ../HALCoGen/source/sys_pmu.asm'
' '
'Building file: ../HALCoGen/source/sys_selftest.c'
'Invoking: ARM Compiler'
"C:/ti/ccsv6/tools/compiler/ti-cgt-arm_5.2.5/bin/armcl" -mv7R4 --code_state=32 --float_support=VFPv3D16 --abi=eabi --include_path="C:/ti/ccsv6/tools/compiler/ti-cgt-arm_5.2.5/include" --include_path="I:/freelancer/itsi/safeti_tms570ls12x/safeti_test/safety_library/hal/include" --include_path="I:/freelancer/itsi/safeti_tms570ls12x/safeti_test/safety_library/source" --include_path="I:/freelancer/itsi/safeti_tms570ls12x/safeti_test/safety_library/include" --include_path="I:/freelancer/itsi/safeti_tms570ls12x/safeti_test/HALCoGen/include" -g --define=_VFP_SUPPORT_=1 --define=_TMS570LS12x_ --define=EXTERNAL_SP_INIT --diag_wrap=off --diag_warning=225 --display_error_number --enum_type=packed --preproc_with_compile --preproc_dependency="HALCoGen/source/sys_selftest.pp" --obj_directory="HALCoGen/source"  "../HALCoGen/source/sys_selftest.c"
'Finished building: ../HALCoGen/source/sys_selftest.c'
' '
'Building file: ../HALCoGen/source/sys_startup.c'
'Invoking: ARM Compiler'
"C:/ti/ccsv6/tools/compiler/ti-cgt-arm_5.2.5/bin/armcl" -mv7R4 --code_state=32 --float_support=VFPv3D16 --abi=eabi --include_path="C:/ti/ccsv6/tools/compiler/ti-cgt-arm_5.2.5/include" --include_path="I:/freelancer/itsi/safeti_tms570ls12x/safeti_test/safety_library/hal/include" --include_path="I:/freelancer/itsi/safeti_tms570ls12x/safeti_test/safety_library/source" --include_path="I:/freelancer/itsi/safeti_tms570ls12x/safeti_test/safety_library/include" --include_path="I:/freelancer/itsi/safeti_tms570ls12x/safeti_test/HALCoGen/include" -g --define=_VFP_SUPPORT_=1 --define=_TMS570LS12x_ --define=EXTERNAL_SP_INIT --diag_wrap=off --diag_warning=225 --display_error_number --enum_type=packed --preproc_with_compile --preproc_dependency="HALCoGen/source/sys_startup.pp" --obj_directory="HALCoGen/source"  "../HALCoGen/source/sys_startup.c"
'Finished building: ../HALCoGen/source/sys_startup.c'
' '
'Building file: ../HALCoGen/source/sys_vim.c'
'Invoking: ARM Compiler'
"C:/ti/ccsv6/tools/compiler/ti-cgt-arm_5.2.5/bin/armcl" -mv7R4 --code_state=32 --float_support=VFPv3D16 --abi=eabi --include_path="C:/ti/ccsv6/tools/compiler/ti-cgt-arm_5.2.5/include" --include_path="I:/freelancer/itsi/safeti_tms570ls12x/safeti_test/safety_library/hal/include" --include_path="I:/freelancer/itsi/safeti_tms570ls12x/safeti_test/safety_library/source" --include_path="I:/freelancer/itsi/safeti_tms570ls12x/safeti_test/safety_library/include" --include_path="I:/freelancer/itsi/safeti_tms570ls12x/safeti_test/HALCoGen/include" -g --define=_VFP_SUPPORT_=1 --define=_TMS570LS12x_ --define=EXTERNAL_SP_INIT --diag_wrap=off --diag_warning=225 --display_error_number --enum_type=packed --preproc_with_compile --preproc_dependency="HALCoGen/source/sys_vim.pp" --obj_directory="HALCoGen/source"  "../HALCoGen/source/sys_vim.c"
'Finished building: ../HALCoGen/source/sys_vim.c'
' '
'Building file: ../HALCoGen/source/system.c'
'Invoking: ARM Compiler'
"C:/ti/ccsv6/tools/compiler/ti-cgt-arm_5.2.5/bin/armcl" -mv7R4 --code_state=32 --float_support=VFPv3D16 --abi=eabi --include_path="C:/ti/ccsv6/tools/compiler/ti-cgt-arm_5.2.5/include" --include_path="I:/freelancer/itsi/safeti_tms570ls12x/safeti_test/safety_library/hal/include" --include_path="I:/freelancer/itsi/safeti_tms570ls12x/safeti_test/safety_library/source" --include_path="I:/freelancer/itsi/safeti_tms570ls12x/safeti_test/safety_library/include" --include_path="I:/freelancer/itsi/safeti_tms570ls12x/safeti_test/HALCoGen/include" -g --define=_VFP_SUPPORT_=1 --define=_TMS570LS12x_ --define=EXTERNAL_SP_INIT --diag_wrap=off --diag_warning=225 --display_error_number --enum_type=packed --preproc_with_compile --preproc_dependency="HALCoGen/source/system.pp" --obj_directory="HALCoGen/source"  "../HALCoGen/source/system.c"
'Finished building: ../HALCoGen/source/system.c'
' '
'Building target: safeti_test.out'
'Invoking: ARM Linker'
"C:/ti/ccsv6/tools/compiler/ti-cgt-arm_5.2.5/bin/armcl" -mv7R4 --code_state=32 --float_support=VFPv3D16 --abi=eabi -g --define=_VFP_SUPPORT_=1 --define=_TMS570LS12x_ --define=EXTERNAL_SP_INIT --diag_wrap=off --diag_warning=225 --display_error_number --enum_type=packed -z -m"safeti_test.map" --heap_size=0x800 --stack_size=0x800 -i"C:/ti/ccsv6/tools/compiler/ti-cgt-arm_5.2.5/lib" -i"C:/ti/ccsv6/tools/compiler/ti-cgt-arm_5.2.5/include" --reread_libs --display_error_number --diag_wrap=off --warn_sections --xml_link_info="safeti_test_linkInfo.xml" --rom_model --be32 -o "safeti_test.out" "./safety_library/source/sl_asm_api.obj" "./safety_library/source/sl_esm.obj" "./safety_library/source/sl_init.obj" "./safety_library/source/sl_log.obj" "./safety_library/source/sl_misc.obj" "./safety_library/source/sl_pmu.obj" "./safety_library/source/sl_priv.obj" "./safety_library/source/sl_selftest.obj" "./HALCoGen/source/adc.obj" "./HALCoGen/source/can.obj" "./HALCoGen/source/crc.obj" "./HALCoGen/source/dabort.obj" "./HALCoGen/source/dcc.obj" "./HALCoGen/source/ecap.obj" "./HALCoGen/source/eqep.obj" "./HALCoGen/source/esm.obj" "./HALCoGen/source/etpwm.obj" "./HALCoGen/source/gio.obj" "./HALCoGen/source/het.obj" "./HALCoGen/source/i2c.obj" "./HALCoGen/source/lin.obj" "./HALCoGen/source/mibspi.obj" "./HALCoGen/source/notification.obj" "./HALCoGen/source/pinmux.obj" "./HALCoGen/source/rti.obj" "./HALCoGen/source/sci.obj" "./HALCoGen/source/spi.obj" "./HALCoGen/source/sys_core.obj" "./HALCoGen/source/sys_dma.obj" "./HALCoGen/source/sys_intvecs.obj" "./HALCoGen/source/sys_main.obj" "./HALCoGen/source/sys_mpu.obj" "./HALCoGen/source/sys_pcr.obj" "./HALCoGen/source/sys_phantom.obj" "./HALCoGen/source/sys_pmm.obj" "./HALCoGen/source/sys_pmu.obj" "./HALCoGen/source/sys_selftest.obj" "./HALCoGen/source/sys_startup.obj" "./HALCoGen/source/sys_vim.obj" "./HALCoGen/source/system.obj" "../HALCoGen/source/sys_link.cmd"  -l"rtsv7R4_T_be_v3D16_eabi.lib" 
<Linking>
'Finished building target: safeti_test.out'
' '

**** Build Finished ****

**** Build of configuration Debug for project safeti_test ****

"C:\\ti\\ccsv6\\utils\\bin\\gmake" -k all 
'Building file: ../HALCoGen/source/adc.c'
'Invoking: ARM Compiler'
"C:/ti/ccsv6/tools/compiler/ti-cgt-arm_5.2.5/bin/armcl" -mv7R4 --code_state=32 --float_support=VFPv3D16 --abi=eabi --include_path="C:/ti/ccsv6/tools/compiler/ti-cgt-arm_5.2.5/include" --include_path="I:/freelancer/itsi/safeti_tms570ls12x/safeti_test/safety_library/hal/include" --include_path="I:/freelancer/itsi/safeti_tms570ls12x/safeti_test/safety_library/source" --include_path="I:/freelancer/itsi/safeti_tms570ls12x/safeti_test/safety_library/include" --include_path="I:/freelancer/itsi/safeti_tms570ls12x/safeti_test/HALCoGen/include" -g --define=_VFP_SUPPORT_=1 --define=_TMS570LS12x_ --define=EXTERNAL_SP_INIT --diag_wrap=off --diag_warning=225 --display_error_number --enum_type=packed --preproc_with_compile --preproc_dependency="HALCoGen/source/adc.pp" --obj_directory="HALCoGen/source"  "../HALCoGen/source/adc.c"
'Finished building: ../HALCoGen/source/adc.c'
' '
'Building file: ../HALCoGen/source/can.c'
'Invoking: ARM Compiler'
"C:/ti/ccsv6/tools/compiler/ti-cgt-arm_5.2.5/bin/armcl" -mv7R4 --code_state=32 --float_support=VFPv3D16 --abi=eabi --include_path="C:/ti/ccsv6/tools/compiler/ti-cgt-arm_5.2.5/include" --include_path="I:/freelancer/itsi/safeti_tms570ls12x/safeti_test/safety_library/hal/include" --include_path="I:/freelancer/itsi/safeti_tms570ls12x/safeti_test/safety_library/source" --include_path="I:/freelancer/itsi/safeti_tms570ls12x/safeti_test/safety_library/include" --include_path="I:/freelancer/itsi/safeti_tms570ls12x/safeti_test/HALCoGen/include" -g --define=_VFP_SUPPORT_=1 --define=_TMS570LS12x_ --define=EXTERNAL_SP_INIT --diag_wrap=off --diag_warning=225 --display_error_number --enum_type=packed --preproc_with_compile --preproc_dependency="HALCoGen/source/can.pp" --obj_directory="HALCoGen/source"  "../HALCoGen/source/can.c"
'Finished building: ../HALCoGen/source/can.c'
' '
'Building file: ../HALCoGen/source/crc.c'
'Invoking: ARM Compiler'
"C:/ti/ccsv6/tools/compiler/ti-cgt-arm_5.2.5/bin/armcl" -mv7R4 --code_state=32 --float_support=VFPv3D16 --abi=eabi --include_path="C:/ti/ccsv6/tools/compiler/ti-cgt-arm_5.2.5/include" --include_path="I:/freelancer/itsi/safeti_tms570ls12x/safeti_test/safety_library/hal/include" --include_path="I:/freelancer/itsi/safeti_tms570ls12x/safeti_test/safety_library/source" --include_path="I:/freelancer/itsi/safeti_tms570ls12x/safeti_test/safety_library/include" --include_path="I:/freelancer/itsi/safeti_tms570ls12x/safeti_test/HALCoGen/include" -g --define=_VFP_SUPPORT_=1 --define=_TMS570LS12x_ --define=EXTERNAL_SP_INIT --diag_wrap=off --diag_warning=225 --display_error_number --enum_type=packed --preproc_with_compile --preproc_dependency="HALCoGen/source/crc.pp" --obj_directory="HALCoGen/source"  "../HALCoGen/source/crc.c"
'Finished building: ../HALCoGen/source/crc.c'
' '
'Building file: ../HALCoGen/source/dcc.c'
'Invoking: ARM Compiler'
"C:/ti/ccsv6/tools/compiler/ti-cgt-arm_5.2.5/bin/armcl" -mv7R4 --code_state=32 --float_support=VFPv3D16 --abi=eabi --include_path="C:/ti/ccsv6/tools/compiler/ti-cgt-arm_5.2.5/include" --include_path="I:/freelancer/itsi/safeti_tms570ls12x/safeti_test/safety_library/hal/include" --include_path="I:/freelancer/itsi/safeti_tms570ls12x/safeti_test/safety_library/source" --include_path="I:/freelancer/itsi/safeti_tms570ls12x/safeti_test/safety_library/include" --include_path="I:/freelancer/itsi/safeti_tms570ls12x/safeti_test/HALCoGen/include" -g --define=_VFP_SUPPORT_=1 --define=_TMS570LS12x_ --define=EXTERNAL_SP_INIT --diag_wrap=off --diag_warning=225 --display_error_number --enum_type=packed --preproc_with_compile --preproc_dependency="HALCoGen/source/dcc.pp" --obj_directory="HALCoGen/source"  "../HALCoGen/source/dcc.c"
'Finished building: ../HALCoGen/source/dcc.c'
' '
'Building file: ../HALCoGen/source/ecap.c'
'Invoking: ARM Compiler'
"C:/ti/ccsv6/tools/compiler/ti-cgt-arm_5.2.5/bin/armcl" -mv7R4 --code_state=32 --float_support=VFPv3D16 --abi=eabi --include_path="C:/ti/ccsv6/tools/compiler/ti-cgt-arm_5.2.5/include" --include_path="I:/freelancer/itsi/safeti_tms570ls12x/safeti_test/safety_library/hal/include" --include_path="I:/freelancer/itsi/safeti_tms570ls12x/safeti_test/safety_library/source" --include_path="I:/freelancer/itsi/safeti_tms570ls12x/safeti_test/safety_library/include" --include_path="I:/freelancer/itsi/safeti_tms570ls12x/safeti_test/HALCoGen/include" -g --define=_VFP_SUPPORT_=1 --define=_TMS570LS12x_ --define=EXTERNAL_SP_INIT --diag_wrap=off --diag_warning=225 --display_error_number --enum_type=packed --preproc_with_compile --preproc_dependency="HALCoGen/source/ecap.pp" --obj_directory="HALCoGen/source"  "../HALCoGen/source/ecap.c"
'Finished building: ../HALCoGen/source/ecap.c'
' '
'Building file: ../HALCoGen/source/eqep.c'
'Invoking: ARM Compiler'
"C:/ti/ccsv6/tools/compiler/ti-cgt-arm_5.2.5/bin/armcl" -mv7R4 --code_state=32 --float_support=VFPv3D16 --abi=eabi --include_path="C:/ti/ccsv6/tools/compiler/ti-cgt-arm_5.2.5/include" --include_path="I:/freelancer/itsi/safeti_tms570ls12x/safeti_test/safety_library/hal/include" --include_path="I:/freelancer/itsi/safeti_tms570ls12x/safeti_test/safety_library/source" --include_path="I:/freelancer/itsi/safeti_tms570ls12x/safeti_test/safety_library/include" --include_path="I:/freelancer/itsi/safeti_tms570ls12x/safeti_test/HALCoGen/include" -g --define=_VFP_SUPPORT_=1 --define=_TMS570LS12x_ --define=EXTERNAL_SP_INIT --diag_wrap=off --diag_warning=225 --display_error_number --enum_type=packed --preproc_with_compile --preproc_dependency="HALCoGen/source/eqep.pp" --obj_directory="HALCoGen/source"  "../HALCoGen/source/eqep.c"
'Finished building: ../HALCoGen/source/eqep.c'
' '
'Building file: ../HALCoGen/source/esm.c'
'Invoking: ARM Compiler'
"C:/ti/ccsv6/tools/compiler/ti-cgt-arm_5.2.5/bin/armcl" -mv7R4 --code_state=32 --float_support=VFPv3D16 --abi=eabi --include_path="C:/ti/ccsv6/tools/compiler/ti-cgt-arm_5.2.5/include" --include_path="I:/freelancer/itsi/safeti_tms570ls12x/safeti_test/safety_library/hal/include" --include_path="I:/freelancer/itsi/safeti_tms570ls12x/safeti_test/safety_library/source" --include_path="I:/freelancer/itsi/safeti_tms570ls12x/safeti_test/safety_library/include" --include_path="I:/freelancer/itsi/safeti_tms570ls12x/safeti_test/HALCoGen/include" -g --define=_VFP_SUPPORT_=1 --define=_TMS570LS12x_ --define=EXTERNAL_SP_INIT --diag_wrap=off --diag_warning=225 --display_error_number --enum_type=packed --preproc_with_compile --preproc_dependency="HALCoGen/source/esm.pp" --obj_directory="HALCoGen/source"  "../HALCoGen/source/esm.c"
'Finished building: ../HALCoGen/source/esm.c'
' '
'Building file: ../HALCoGen/source/etpwm.c'
'Invoking: ARM Compiler'
"C:/ti/ccsv6/tools/compiler/ti-cgt-arm_5.2.5/bin/armcl" -mv7R4 --code_state=32 --float_support=VFPv3D16 --abi=eabi --include_path="C:/ti/ccsv6/tools/compiler/ti-cgt-arm_5.2.5/include" --include_path="I:/freelancer/itsi/safeti_tms570ls12x/safeti_test/safety_library/hal/include" --include_path="I:/freelancer/itsi/safeti_tms570ls12x/safeti_test/safety_library/source" --include_path="I:/freelancer/itsi/safeti_tms570ls12x/safeti_test/safety_library/include" --include_path="I:/freelancer/itsi/safeti_tms570ls12x/safeti_test/HALCoGen/include" -g --define=_VFP_SUPPORT_=1 --define=_TMS570LS12x_ --define=EXTERNAL_SP_INIT --diag_wrap=off --diag_warning=225 --display_error_number --enum_type=packed --preproc_with_compile --preproc_dependency="HALCoGen/source/etpwm.pp" --obj_directory="HALCoGen/source"  "../HALCoGen/source/etpwm.c"
'Finished building: ../HALCoGen/source/etpwm.c'
' '
'Building file: ../HALCoGen/source/het.c'
'Invoking: ARM Compiler'
"C:/ti/ccsv6/tools/compiler/ti-cgt-arm_5.2.5/bin/armcl" -mv7R4 --code_state=32 --float_support=VFPv3D16 --abi=eabi --include_path="C:/ti/ccsv6/tools/compiler/ti-cgt-arm_5.2.5/include" --include_path="I:/freelancer/itsi/safeti_tms570ls12x/safeti_test/safety_library/hal/include" --include_path="I:/freelancer/itsi/safeti_tms570ls12x/safeti_test/safety_library/source" --include_path="I:/freelancer/itsi/safeti_tms570ls12x/safeti_test/safety_library/include" --include_path="I:/freelancer/itsi/safeti_tms570ls12x/safeti_test/HALCoGen/include" -g --define=_VFP_SUPPORT_=1 --define=_TMS570LS12x_ --define=EXTERNAL_SP_INIT --diag_wrap=off --diag_warning=225 --display_error_number --enum_type=packed --preproc_with_compile --preproc_dependency="HALCoGen/source/het.pp" --obj_directory="HALCoGen/source"  "../HALCoGen/source/het.c"
'Finished building: ../HALCoGen/source/het.c'
' '
'Building file: ../HALCoGen/source/i2c.c'
'Invoking: ARM Compiler'
"C:/ti/ccsv6/tools/compiler/ti-cgt-arm_5.2.5/bin/armcl" -mv7R4 --code_state=32 --float_support=VFPv3D16 --abi=eabi --include_path="C:/ti/ccsv6/tools/compiler/ti-cgt-arm_5.2.5/include" --include_path="I:/freelancer/itsi/safeti_tms570ls12x/safeti_test/safety_library/hal/include" --include_path="I:/freelancer/itsi/safeti_tms570ls12x/safeti_test/safety_library/source" --include_path="I:/freelancer/itsi/safeti_tms570ls12x/safeti_test/safety_library/include" --include_path="I:/freelancer/itsi/safeti_tms570ls12x/safeti_test/HALCoGen/include" -g --define=_VFP_SUPPORT_=1 --define=_TMS570LS12x_ --define=EXTERNAL_SP_INIT --diag_wrap=off --diag_warning=225 --display_error_number --enum_type=packed --preproc_with_compile --preproc_dependency="HALCoGen/source/i2c.pp" --obj_directory="HALCoGen/source"  "../HALCoGen/source/i2c.c"
'Finished building: ../HALCoGen/source/i2c.c'
' '
'Building target: safeti_test.out'
'Invoking: ARM Linker'
"C:/ti/ccsv6/tools/compiler/ti-cgt-arm_5.2.5/bin/armcl" -mv7R4 --code_state=32 --float_support=VFPv3D16 --abi=eabi -g --define=_VFP_SUPPORT_=1 --define=_TMS570LS12x_ --define=EXTERNAL_SP_INIT --diag_wrap=off --diag_warning=225 --display_error_number --enum_type=packed -z -m"safeti_test.map" --heap_size=0x800 --stack_size=0x800 -i"C:/ti/ccsv6/tools/compiler/ti-cgt-arm_5.2.5/lib" -i"C:/ti/ccsv6/tools/compiler/ti-cgt-arm_5.2.5/include" --reread_libs --display_error_number --diag_wrap=off --warn_sections --xml_link_info="safeti_test_linkInfo.xml" --rom_model --be32 -o "safeti_test.out" "./safety_library/source/sl_asm_api.obj" "./safety_library/source/sl_esm.obj" "./safety_library/source/sl_init.obj" "./safety_library/source/sl_log.obj" "./safety_library/source/sl_misc.obj" "./safety_library/source/sl_pmu.obj" "./safety_library/source/sl_priv.obj" "./safety_library/source/sl_selftest.obj" "./HALCoGen/source/adc.obj" "./HALCoGen/source/can.obj" "./HALCoGen/source/crc.obj" "./HALCoGen/source/dabort.obj" "./HALCoGen/source/dcc.obj" "./HALCoGen/source/ecap.obj" "./HALCoGen/source/eqep.obj" "./HALCoGen/source/esm.obj" "./HALCoGen/source/etpwm.obj" "./HALCoGen/source/gio.obj" "./HALCoGen/source/het.obj" "./HALCoGen/source/i2c.obj" "./HALCoGen/source/lin.obj" "./HALCoGen/source/mibspi.obj" "./HALCoGen/source/notification.obj" "./HALCoGen/source/pinmux.obj" "./HALCoGen/source/rti.obj" "./HALCoGen/source/sci.obj" "./HALCoGen/source/spi.obj" "./HALCoGen/source/sys_core.obj" "./HALCoGen/source/sys_dma.obj" "./HALCoGen/source/sys_intvecs.obj" "./HALCoGen/source/sys_main.obj" "./HALCoGen/source/sys_mpu.obj" "./HALCoGen/source/sys_pcr.obj" "./HALCoGen/source/sys_phantom.obj" "./HALCoGen/source/sys_pmm.obj" "./HALCoGen/source/sys_pmu.obj" "./HALCoGen/source/sys_selftest.obj" "./HALCoGen/source/sys_startup.obj" "./HALCoGen/source/sys_vim.obj" "./HALCoGen/source/system.obj" "../HALCoGen/source/sys_link.cmd"  -l"rtsv7R4_T_be_v3D16_eabi.lib" 
<Linking>
'Finished building target: safeti_test.out'
' '

**** Build Finished ****

**** Build of configuration Debug for project safeti_test ****

"C:\\ti\\ccsv6\\utils\\bin\\gmake" -k all 
gmake: Nothing to be done for `all'.

**** Build Finished ****

**** Clean-only build of configuration Debug for project safeti_test ****

"C:\\ti\\ccsv6\\utils\\bin\\gmake" -k clean 
DEL /F  "safeti_test.out"  "safeti_test.hex" 
DEL /F "safety_library\source\sl_esm.pp" "safety_library\source\sl_init.pp" "safety_library\source\sl_log.pp" "safety_library\source\sl_misc.pp" "safety_library\source\sl_priv.pp" "safety_library\source\sl_selftest.pp" "HALCoGen\source\adc.pp" "HALCoGen\source\can.pp" "HALCoGen\source\crc.pp" "HALCoGen\source\dcc.pp" "HALCoGen\source\ecap.pp" "HALCoGen\source\eqep.pp" "HALCoGen\source\esm.pp" "HALCoGen\source\etpwm.pp" "HALCoGen\source\gio.pp" "HALCoGen\source\het.pp" "HALCoGen\source\i2c.pp" "HALCoGen\source\lin.pp" "HALCoGen\source\mibspi.pp" "HALCoGen\source\notification.pp" "HALCoGen\source\pinmux.pp" "HALCoGen\source\rti.pp" "HALCoGen\source\sci.pp" "HALCoGen\source\spi.pp" "HALCoGen\source\sys_dma.pp" "HALCoGen\source\sys_main.pp" "HALCoGen\source\sys_pcr.pp" "HALCoGen\source\sys_phantom.pp" "HALCoGen\source\sys_pmm.pp" "HALCoGen\source\sys_selftest.pp" "HALCoGen\source\sys_startup.pp" "HALCoGen\source\sys_vim.pp" "HALCoGen\source\system.pp" 
DEL /F "safety_library\source\sl_asm_api.obj" "safety_library\source\sl_esm.obj" "safety_library\source\sl_init.obj" "safety_library\source\sl_log.obj" "safety_library\source\sl_misc.obj" "safety_library\source\sl_pmu.obj" "safety_library\source\sl_priv.obj" "safety_library\source\sl_selftest.obj" "HALCoGen\source\adc.obj" "HALCoGen\source\can.obj" "HALCoGen\source\crc.obj" "HALCoGen\source\dabort.obj" "HALCoGen\source\dcc.obj" "HALCoGen\source\ecap.obj" "HALCoGen\source\eqep.obj" "HALCoGen\source\esm.obj" "HALCoGen\source\etpwm.obj" "HALCoGen\source\gio.obj" "HALCoGen\source\het.obj" "HALCoGen\source\i2c.obj" "HALCoGen\source\lin.obj" "HALCoGen\source\mibspi.obj" "HALCoGen\source\notification.obj" "HALCoGen\source\pinmux.obj" "HALCoGen\source\rti.obj" "HALCoGen\source\sci.obj" "HALCoGen\source\spi.obj" "HALCoGen\source\sys_core.obj" "HALCoGen\source\sys_dma.obj" "HALCoGen\source\sys_intvecs.obj" "HALCoGen\source\sys_main.obj" "HALCoGen\source\sys_mpu.obj" "HALCoGen\source\sys_pcr.obj" "HALCoGen\source\sys_phantom.obj" 
DEL /F "HALCoGen\source\sys_pmm.obj" "HALCoGen\source\sys_pmu.obj" "HALCoGen\source\sys_selftest.obj" "HALCoGen\source\sys_startup.obj" "HALCoGen\source\sys_vim.obj" "HALCoGen\source\system.obj" 
DEL /F "safety_library\source\sl_asm_api.pp" "safety_library\source\sl_pmu.pp" "HALCoGen\source\dabort.pp" "HALCoGen\source\sys_core.pp" "HALCoGen\source\sys_intvecs.pp" "HALCoGen\source\sys_mpu.pp" "HALCoGen\source\sys_pmu.pp" 
Could Not Find I:\freelancer\itsi\safeti_tms570ls12x\safeti_test\Debug\safety_library\source\sl_asm_api.pp
Could Not Find I:\freelancer\itsi\safeti_tms570ls12x\safeti_test\Debug\HALCoGen\source\dabort.pp
'Finished clean'
' '

**** Build Finished ****

**** Clean-only build of configuration Debug for project safeti_test ****

"C:\\ti\\ccsv6\\utils\\bin\\gmake" -k clean 
DEL /F  "safeti_test.out"  "safeti_test.hex" 
Could Not Find I:\freelancer\itsi\safeti_tms570ls12x\safeti_test\Debug\safeti_test.out
DEL /F "safety_library\source\sl_esm.pp" "safety_library\source\sl_init.pp" "safety_library\source\sl_log.pp" "safety_library\source\sl_misc.pp" "safety_library\source\sl_priv.pp" "safety_library\source\sl_selftest.pp" "HALCoGen\source\adc.pp" "HALCoGen\source\can.pp" "HALCoGen\source\crc.pp" "HALCoGen\source\dcc.pp" "HALCoGen\source\ecap.pp" "HALCoGen\source\eqep.pp" "HALCoGen\source\esm.pp" "HALCoGen\source\etpwm.pp" "HALCoGen\source\gio.pp" "HALCoGen\source\het.pp" "HALCoGen\source\i2c.pp" "HALCoGen\source\lin.pp" "HALCoGen\source\mibspi.pp" "HALCoGen\source\notification.pp" "HALCoGen\source\pinmux.pp" "HALCoGen\source\rti.pp" "HALCoGen\source\sci.pp" "HALCoGen\source\spi.pp" "HALCoGen\source\sys_dma.pp" "HALCoGen\source\sys_main.pp" "HALCoGen\source\sys_pcr.pp" "HALCoGen\source\sys_phantom.pp" "HALCoGen\source\sys_pmm.pp" "HALCoGen\source\sys_selftest.pp" "HALCoGen\source\sys_startup.pp" "HALCoGen\source\sys_vim.pp" "HALCoGen\source\system.pp" 
Could Not Find I:\freelancer\itsi\safeti_tms570ls12x\safeti_test\Debug\safety_library\source\sl_esm.pp
Could Not Find I:\freelancer\itsi\safeti_tms570ls12x\safeti_test\Debug\HALCoGen\source\adc.pp
DEL /F "safety_library\source\sl_asm_api.obj" "safety_library\source\sl_esm.obj" "safety_library\source\sl_init.obj" "safety_library\source\sl_log.obj" "safety_library\source\sl_misc.obj" "safety_library\source\sl_pmu.obj" "safety_library\source\sl_priv.obj" "safety_library\source\sl_selftest.obj" "HALCoGen\source\adc.obj" "HALCoGen\source\can.obj" "HALCoGen\source\crc.obj" "HALCoGen\source\dabort.obj" "HALCoGen\source\dcc.obj" "HALCoGen\source\ecap.obj" "HALCoGen\source\eqep.obj" "HALCoGen\source\esm.obj" "HALCoGen\source\etpwm.obj" "HALCoGen\source\gio.obj" "HALCoGen\source\het.obj" "HALCoGen\source\i2c.obj" "HALCoGen\source\lin.obj" "HALCoGen\source\mibspi.obj" "HALCoGen\source\notification.obj" "HALCoGen\source\pinmux.obj" "HALCoGen\source\rti.obj" "HALCoGen\source\sci.obj" "HALCoGen\source\spi.obj" "HALCoGen\source\sys_core.obj" "HALCoGen\source\sys_dma.obj" "HALCoGen\source\sys_intvecs.obj" "HALCoGen\source\sys_main.obj" "HALCoGen\source\sys_mpu.obj" "HALCoGen\source\sys_pcr.obj" "HALCoGen\source\sys_phantom.obj" 
Could Not Find I:\freelancer\itsi\safeti_tms570ls12x\safeti_test\Debug\safety_library\source\sl_asm_api.obj
Could Not Find I:\freelancer\itsi\safeti_tms570ls12x\safeti_test\Debug\HALCoGen\source\adc.obj
DEL /F "HALCoGen\source\sys_pmm.obj" "HALCoGen\source\sys_pmu.obj" "HALCoGen\source\sys_selftest.obj" "HALCoGen\source\sys_startup.obj" "HALCoGen\source\sys_vim.obj" "HALCoGen\source\system.obj" 
Could Not Find I:\freelancer\itsi\safeti_tms570ls12x\safeti_test\Debug\HALCoGen\source\sys_pmm.obj
DEL /F "safety_library\source\sl_asm_api.pp" "safety_library\source\sl_pmu.pp" "HALCoGen\source\dabort.pp" "HALCoGen\source\sys_core.pp" "HALCoGen\source\sys_intvecs.pp" "HALCoGen\source\sys_mpu.pp" "HALCoGen\source\sys_pmu.pp" 
Could Not Find I:\freelancer\itsi\safeti_tms570ls12x\safeti_test\Debug\safety_library\source\sl_asm_api.pp
Could Not Find I:\freelancer\itsi\safeti_tms570ls12x\safeti_test\Debug\HALCoGen\source\dabort.pp
'Finished clean'
' '

**** Build Finished ****
